[2025-05-28T10:53:44.461+0000] {taskinstance.py:1979} INFO - Dependencies all met for dep_context=non-requeueable deps ti=<TaskInstance: animal_etl_pipeline_v3_fixed.extract_animals scheduled__2025-05-27T02:00:00+00:00 [queued]>
[2025-05-28T10:53:44.474+0000] {taskinstance.py:1979} INFO - Dependencies all met for dep_context=requeueable deps ti=<TaskInstance: animal_etl_pipeline_v3_fixed.extract_animals scheduled__2025-05-27T02:00:00+00:00 [queued]>
[2025-05-28T10:53:44.475+0000] {taskinstance.py:2193} INFO - Starting attempt 1 of 4
[2025-05-28T10:53:44.494+0000] {taskinstance.py:2217} INFO - Executing <Task(ExtractAnimalsOperator): extract_animals> on 2025-05-27 02:00:00+00:00
[2025-05-28T10:53:44.501+0000] {standard_task_runner.py:60} INFO - Started process 102 to run task
[2025-05-28T10:53:44.504+0000] {standard_task_runner.py:87} INFO - Running: ['airflow', 'tasks', 'run', 'animal_etl_pipeline_v3_fixed', 'extract_animals', 'scheduled__2025-05-27T02:00:00+00:00', '--job-id', '29', '--raw', '--subdir', 'DAGS_FOLDER/animal_etl_dag.py', '--cfg-path', '/tmp/tmp820lwl2v']
[2025-05-28T10:53:44.505+0000] {standard_task_runner.py:88} INFO - Job 29: Subtask extract_animals
[2025-05-28T10:53:44.570+0000] {task_command.py:423} INFO - Running <TaskInstance: animal_etl_pipeline_v3_fixed.extract_animals scheduled__2025-05-27T02:00:00+00:00 [running]> on host 92026f8f66a7
[2025-05-28T10:53:44.663+0000] {taskinstance.py:2513} INFO - Exporting env vars: AIRFLOW_CTX_DAG_EMAIL='sarimsikander24@gmail.com' AIRFLOW_CTX_DAG_OWNER='Sarim Sikander' AIRFLOW_CTX_DAG_ID='animal_etl_pipeline_v3_fixed' AIRFLOW_CTX_TASK_ID='extract_animals' AIRFLOW_CTX_EXECUTION_DATE='2025-05-27T02:00:00+00:00' AIRFLOW_CTX_TRY_NUMBER='1' AIRFLOW_CTX_DAG_RUN_ID='scheduled__2025-05-27T02:00:00+00:00'
[2025-05-28T10:53:44.664+0000] {animals_api_hook.py:52} INFO - Starting to fetch all animals
[2025-05-28T10:53:44.665+0000] {animals_api_hook.py:31} INFO - Fetching animals page 1
[2025-05-28T10:53:44.702+0000] {animals_api_hook.py:62} INFO - Fetched page 1: 10 animals
[2025-05-28T10:53:44.702+0000] {animals_api_hook.py:31} INFO - Fetching animals page 2
[2025-05-28T10:53:44.732+0000] {animals_api_hook.py:62} INFO - Fetched page 2: 10 animals
[2025-05-28T10:53:44.733+0000] {animals_api_hook.py:31} INFO - Fetching animals page 3
[2025-05-28T10:53:44.762+0000] {animals_api_hook.py:62} INFO - Fetched page 3: 10 animals
[2025-05-28T10:53:44.763+0000] {animals_api_hook.py:31} INFO - Fetching animals page 4
[2025-05-28T10:53:44.791+0000] {animals_api_hook.py:62} INFO - Fetched page 4: 10 animals
[2025-05-28T10:53:44.791+0000] {animals_api_hook.py:31} INFO - Fetching animals page 5
[2025-05-28T10:53:44.819+0000] {animals_api_hook.py:62} INFO - Fetched page 5: 10 animals
[2025-05-28T10:53:44.820+0000] {animals_api_hook.py:31} INFO - Fetching animals page 6
[2025-05-28T10:53:44.848+0000] {animals_api_hook.py:62} INFO - Fetched page 6: 10 animals
[2025-05-28T10:53:44.848+0000] {animals_api_hook.py:31} INFO - Fetching animals page 7
[2025-05-28T10:53:44.882+0000] {animals_api_hook.py:62} INFO - Fetched page 7: 10 animals
[2025-05-28T10:53:44.883+0000] {animals_api_hook.py:31} INFO - Fetching animals page 8
[2025-05-28T10:53:44.909+0000] {animals_api_hook.py:62} INFO - Fetched page 8: 10 animals
[2025-05-28T10:53:44.909+0000] {animals_api_hook.py:31} INFO - Fetching animals page 9
[2025-05-28T10:53:44.937+0000] {animals_api_hook.py:62} INFO - Fetched page 9: 10 animals
[2025-05-28T10:53:44.938+0000] {animals_api_hook.py:31} INFO - Fetching animals page 10
[2025-05-28T10:53:44.964+0000] {animals_api_hook.py:62} INFO - Fetched page 10: 10 animals
[2025-05-28T10:53:44.964+0000] {animals_api_hook.py:31} INFO - Fetching animals page 11
[2025-05-28T10:53:44.990+0000] {animals_api_hook.py:62} INFO - Fetched page 11: 10 animals
[2025-05-28T10:53:44.991+0000] {animals_api_hook.py:31} INFO - Fetching animals page 12
[2025-05-28T10:53:45.018+0000] {animals_api_hook.py:62} INFO - Fetched page 12: 10 animals
[2025-05-28T10:53:45.019+0000] {animals_api_hook.py:31} INFO - Fetching animals page 13
[2025-05-28T10:53:45.050+0000] {animals_api_hook.py:62} INFO - Fetched page 13: 10 animals
[2025-05-28T10:53:45.051+0000] {animals_api_hook.py:31} INFO - Fetching animals page 14
[2025-05-28T10:53:45.081+0000] {animals_api_hook.py:62} INFO - Fetched page 14: 10 animals
[2025-05-28T10:53:45.082+0000] {animals_api_hook.py:31} INFO - Fetching animals page 15
[2025-05-28T10:53:45.124+0000] {animals_api_hook.py:62} INFO - Fetched page 15: 10 animals
[2025-05-28T10:53:45.124+0000] {animals_api_hook.py:31} INFO - Fetching animals page 16
[2025-05-28T10:53:45.153+0000] {animals_api_hook.py:62} INFO - Fetched page 16: 10 animals
[2025-05-28T10:53:45.154+0000] {animals_api_hook.py:31} INFO - Fetching animals page 17
[2025-05-28T10:53:45.180+0000] {animals_api_hook.py:62} INFO - Fetched page 17: 10 animals
[2025-05-28T10:53:45.181+0000] {animals_api_hook.py:31} INFO - Fetching animals page 18
[2025-05-28T10:53:45.208+0000] {animals_api_hook.py:62} INFO - Fetched page 18: 10 animals
[2025-05-28T10:53:45.208+0000] {animals_api_hook.py:31} INFO - Fetching animals page 19
[2025-05-28T10:53:45.235+0000] {animals_api_hook.py:62} INFO - Fetched page 19: 10 animals
[2025-05-28T10:53:45.236+0000] {animals_api_hook.py:31} INFO - Fetching animals page 20
[2025-05-28T10:53:45.262+0000] {animals_api_hook.py:62} INFO - Fetched page 20: 10 animals
[2025-05-28T10:53:45.263+0000] {animals_api_hook.py:31} INFO - Fetching animals page 21
[2025-05-28T10:53:45.289+0000] {animals_api_hook.py:62} INFO - Fetched page 21: 10 animals
[2025-05-28T10:53:45.290+0000] {animals_api_hook.py:31} INFO - Fetching animals page 22
[2025-05-28T10:53:45.316+0000] {animals_api_hook.py:62} INFO - Fetched page 22: 10 animals
[2025-05-28T10:53:45.317+0000] {animals_api_hook.py:31} INFO - Fetching animals page 23
[2025-05-28T10:53:45.355+0000] {animals_api_hook.py:62} INFO - Fetched page 23: 10 animals
[2025-05-28T10:53:45.356+0000] {animals_api_hook.py:31} INFO - Fetching animals page 24
[2025-05-28T10:53:45.383+0000] {animals_api_hook.py:62} INFO - Fetched page 24: 10 animals
[2025-05-28T10:53:45.384+0000] {animals_api_hook.py:31} INFO - Fetching animals page 25
[2025-05-28T10:53:45.410+0000] {animals_api_hook.py:62} INFO - Fetched page 25: 10 animals
[2025-05-28T10:53:45.411+0000] {animals_api_hook.py:31} INFO - Fetching animals page 26
[2025-05-28T10:53:45.437+0000] {animals_api_hook.py:62} INFO - Fetched page 26: 10 animals
[2025-05-28T10:53:45.438+0000] {animals_api_hook.py:31} INFO - Fetching animals page 27
[2025-05-28T10:53:45.464+0000] {animals_api_hook.py:62} INFO - Fetched page 27: 10 animals
[2025-05-28T10:53:45.464+0000] {animals_api_hook.py:31} INFO - Fetching animals page 28
[2025-05-28T10:53:45.491+0000] {animals_api_hook.py:62} INFO - Fetched page 28: 10 animals
[2025-05-28T10:53:45.492+0000] {animals_api_hook.py:31} INFO - Fetching animals page 29
[2025-05-28T10:53:45.519+0000] {animals_api_hook.py:62} INFO - Fetched page 29: 10 animals
[2025-05-28T10:53:45.519+0000] {animals_api_hook.py:31} INFO - Fetching animals page 30
[2025-05-28T10:53:45.545+0000] {animals_api_hook.py:62} INFO - Fetched page 30: 10 animals
[2025-05-28T10:53:45.546+0000] {animals_api_hook.py:31} INFO - Fetching animals page 31
[2025-05-28T10:53:45.574+0000] {animals_api_hook.py:62} INFO - Fetched page 31: 10 animals
[2025-05-28T10:53:45.575+0000] {animals_api_hook.py:31} INFO - Fetching animals page 32
[2025-05-28T10:53:45.613+0000] {animals_api_hook.py:62} INFO - Fetched page 32: 10 animals
[2025-05-28T10:53:45.613+0000] {animals_api_hook.py:31} INFO - Fetching animals page 33
[2025-05-28T10:53:45.641+0000] {animals_api_hook.py:62} INFO - Fetched page 33: 10 animals
[2025-05-28T10:53:45.642+0000] {animals_api_hook.py:31} INFO - Fetching animals page 34
[2025-05-28T10:53:45.671+0000] {animals_api_hook.py:62} INFO - Fetched page 34: 10 animals
[2025-05-28T10:53:45.672+0000] {animals_api_hook.py:31} INFO - Fetching animals page 35
[2025-05-28T10:53:45.701+0000] {animals_api_hook.py:62} INFO - Fetched page 35: 10 animals
[2025-05-28T10:53:45.701+0000] {animals_api_hook.py:31} INFO - Fetching animals page 36
[2025-05-28T10:53:45.731+0000] {animals_api_hook.py:62} INFO - Fetched page 36: 10 animals
[2025-05-28T10:53:45.732+0000] {animals_api_hook.py:31} INFO - Fetching animals page 37
[2025-05-28T10:53:45.758+0000] {animals_api_hook.py:62} INFO - Fetched page 37: 10 animals
[2025-05-28T10:53:45.758+0000] {animals_api_hook.py:31} INFO - Fetching animals page 38
[2025-05-28T10:53:45.784+0000] {animals_api_hook.py:62} INFO - Fetched page 38: 10 animals
[2025-05-28T10:53:45.785+0000] {animals_api_hook.py:31} INFO - Fetching animals page 39
[2025-05-28T10:53:45.810+0000] {animals_api_hook.py:62} INFO - Fetched page 39: 10 animals
[2025-05-28T10:53:45.811+0000] {animals_api_hook.py:31} INFO - Fetching animals page 40
[2025-05-28T10:53:45.847+0000] {animals_api_hook.py:62} INFO - Fetched page 40: 10 animals
[2025-05-28T10:53:45.848+0000] {animals_api_hook.py:31} INFO - Fetching animals page 41
[2025-05-28T10:53:45.874+0000] {animals_api_hook.py:62} INFO - Fetched page 41: 10 animals
[2025-05-28T10:53:45.875+0000] {animals_api_hook.py:31} INFO - Fetching animals page 42
[2025-05-28T10:53:45.902+0000] {animals_api_hook.py:62} INFO - Fetched page 42: 10 animals
[2025-05-28T10:53:45.902+0000] {animals_api_hook.py:31} INFO - Fetching animals page 43
[2025-05-28T10:53:45.929+0000] {animals_api_hook.py:62} INFO - Fetched page 43: 10 animals
[2025-05-28T10:53:45.930+0000] {animals_api_hook.py:31} INFO - Fetching animals page 44
[2025-05-28T10:53:45.957+0000] {animals_api_hook.py:62} INFO - Fetched page 44: 10 animals
[2025-05-28T10:53:45.957+0000] {animals_api_hook.py:31} INFO - Fetching animals page 45
[2025-05-28T10:53:45.984+0000] {animals_api_hook.py:62} INFO - Fetched page 45: 10 animals
[2025-05-28T10:53:45.984+0000] {animals_api_hook.py:31} INFO - Fetching animals page 46
[2025-05-28T10:53:46.010+0000] {animals_api_hook.py:62} INFO - Fetched page 46: 10 animals
[2025-05-28T10:53:46.011+0000] {animals_api_hook.py:31} INFO - Fetching animals page 47
[2025-05-28T10:53:46.037+0000] {animals_api_hook.py:62} INFO - Fetched page 47: 10 animals
[2025-05-28T10:53:46.038+0000] {animals_api_hook.py:31} INFO - Fetching animals page 48
[2025-05-28T10:53:46.075+0000] {animals_api_hook.py:62} INFO - Fetched page 48: 10 animals
[2025-05-28T10:53:46.075+0000] {animals_api_hook.py:31} INFO - Fetching animals page 49
[2025-05-28T10:53:46.103+0000] {animals_api_hook.py:62} INFO - Fetched page 49: 10 animals
[2025-05-28T10:53:46.104+0000] {animals_api_hook.py:31} INFO - Fetching animals page 50
[2025-05-28T10:53:46.130+0000] {animals_api_hook.py:62} INFO - Fetched page 50: 10 animals
[2025-05-28T10:53:46.131+0000] {animals_api_hook.py:31} INFO - Fetching animals page 51
[2025-05-28T10:53:46.157+0000] {animals_api_hook.py:62} INFO - Fetched page 51: 10 animals
[2025-05-28T10:53:46.158+0000] {animals_api_hook.py:31} INFO - Fetching animals page 52
[2025-05-28T10:53:46.183+0000] {animals_api_hook.py:62} INFO - Fetched page 52: 10 animals
[2025-05-28T10:53:46.184+0000] {animals_api_hook.py:31} INFO - Fetching animals page 53
[2025-05-28T10:53:46.210+0000] {animals_api_hook.py:62} INFO - Fetched page 53: 10 animals
[2025-05-28T10:53:46.210+0000] {animals_api_hook.py:31} INFO - Fetching animals page 54
[2025-05-28T10:53:46.236+0000] {animals_api_hook.py:62} INFO - Fetched page 54: 10 animals
[2025-05-28T10:53:46.237+0000] {animals_api_hook.py:31} INFO - Fetching animals page 55
[2025-05-28T10:53:54.632+0000] {local_task_job_runner.py:302} WARNING - State of this instance has been externally set to success. Terminating instance.
[2025-05-28T10:53:54.634+0000] {process_utils.py:131} INFO - Sending 15 to group 102. PIDs of all processes in the group: [102]
[2025-05-28T10:53:54.635+0000] {process_utils.py:86} INFO - Sending the signal 15 to group 102
[2025-05-28T10:53:54.635+0000] {taskinstance.py:2483} ERROR - Received SIGTERM. Terminating subprocesses.
[2025-05-28T10:53:55.638+0000] {animals_api_hook.py:31} INFO - Fetching animals page 55
[2025-05-28T10:53:55.669+0000] {animals_api_hook.py:62} INFO - Fetched page 55: 10 animals
[2025-05-28T10:53:55.669+0000] {animals_api_hook.py:31} INFO - Fetching animals page 56
[2025-05-28T10:53:55.708+0000] {animals_api_hook.py:62} INFO - Fetched page 56: 10 animals
[2025-05-28T10:53:55.708+0000] {animals_api_hook.py:31} INFO - Fetching animals page 57
[2025-05-28T10:53:55.738+0000] {animals_api_hook.py:62} INFO - Fetched page 57: 10 animals
[2025-05-28T10:53:55.738+0000] {animals_api_hook.py:31} INFO - Fetching animals page 58
[2025-05-28T10:53:55.766+0000] {animals_api_hook.py:62} INFO - Fetched page 58: 10 animals
[2025-05-28T10:53:55.766+0000] {animals_api_hook.py:31} INFO - Fetching animals page 59
[2025-05-28T10:53:55.796+0000] {animals_api_hook.py:62} INFO - Fetched page 59: 10 animals
[2025-05-28T10:53:55.796+0000] {animals_api_hook.py:31} INFO - Fetching animals page 60
[2025-05-28T10:53:55.823+0000] {animals_api_hook.py:62} INFO - Fetched page 60: 10 animals
[2025-05-28T10:53:55.823+0000] {animals_api_hook.py:31} INFO - Fetching animals page 61
[2025-05-28T10:53:55.850+0000] {animals_api_hook.py:62} INFO - Fetched page 61: 10 animals
[2025-05-28T10:53:55.851+0000] {animals_api_hook.py:31} INFO - Fetching animals page 62
[2025-05-28T10:53:55.878+0000] {animals_api_hook.py:62} INFO - Fetched page 62: 10 animals
[2025-05-28T10:53:55.878+0000] {animals_api_hook.py:31} INFO - Fetching animals page 63
[2025-05-28T10:53:55.905+0000] {animals_api_hook.py:62} INFO - Fetched page 63: 10 animals
[2025-05-28T10:53:55.905+0000] {animals_api_hook.py:31} INFO - Fetching animals page 64
[2025-05-28T10:53:55.948+0000] {animals_api_hook.py:62} INFO - Fetched page 64: 10 animals
[2025-05-28T10:53:55.949+0000] {animals_api_hook.py:31} INFO - Fetching animals page 65
[2025-05-28T10:53:55.976+0000] {animals_api_hook.py:62} INFO - Fetched page 65: 10 animals
[2025-05-28T10:53:55.977+0000] {animals_api_hook.py:31} INFO - Fetching animals page 66
[2025-05-28T10:53:56.003+0000] {animals_api_hook.py:62} INFO - Fetched page 66: 10 animals
[2025-05-28T10:53:56.004+0000] {animals_api_hook.py:31} INFO - Fetching animals page 67
[2025-05-28T10:53:56.030+0000] {animals_api_hook.py:62} INFO - Fetched page 67: 10 animals
[2025-05-28T10:53:56.030+0000] {animals_api_hook.py:31} INFO - Fetching animals page 68
[2025-05-28T10:53:56.057+0000] {animals_api_hook.py:62} INFO - Fetched page 68: 10 animals
[2025-05-28T10:53:56.057+0000] {animals_api_hook.py:31} INFO - Fetching animals page 69
[2025-05-28T10:53:56.084+0000] {animals_api_hook.py:62} INFO - Fetched page 69: 10 animals
[2025-05-28T10:53:56.085+0000] {animals_api_hook.py:31} INFO - Fetching animals page 70
[2025-05-28T10:53:56.112+0000] {animals_api_hook.py:62} INFO - Fetched page 70: 10 animals
[2025-05-28T10:53:56.112+0000] {animals_api_hook.py:31} INFO - Fetching animals page 71
[2025-05-28T10:53:56.139+0000] {animals_api_hook.py:62} INFO - Fetched page 71: 10 animals
[2025-05-28T10:53:56.140+0000] {animals_api_hook.py:31} INFO - Fetching animals page 72
[2025-05-28T10:53:56.182+0000] {animals_api_hook.py:62} INFO - Fetched page 72: 10 animals
[2025-05-28T10:53:56.183+0000] {animals_api_hook.py:31} INFO - Fetching animals page 73
[2025-05-28T10:53:56.211+0000] {animals_api_hook.py:62} INFO - Fetched page 73: 10 animals
[2025-05-28T10:53:56.211+0000] {animals_api_hook.py:31} INFO - Fetching animals page 74
[2025-05-28T10:53:56.239+0000] {animals_api_hook.py:62} INFO - Fetched page 74: 10 animals
[2025-05-28T10:53:56.240+0000] {animals_api_hook.py:31} INFO - Fetching animals page 75
[2025-05-28T10:53:56.267+0000] {animals_api_hook.py:62} INFO - Fetched page 75: 10 animals
[2025-05-28T10:53:56.267+0000] {animals_api_hook.py:31} INFO - Fetching animals page 76
[2025-05-28T10:53:56.294+0000] {animals_api_hook.py:62} INFO - Fetched page 76: 10 animals
[2025-05-28T10:53:56.295+0000] {animals_api_hook.py:31} INFO - Fetching animals page 77
[2025-05-28T10:53:56.321+0000] {animals_api_hook.py:62} INFO - Fetched page 77: 10 animals
[2025-05-28T10:53:56.321+0000] {animals_api_hook.py:31} INFO - Fetching animals page 78
[2025-05-28T10:53:56.349+0000] {animals_api_hook.py:62} INFO - Fetched page 78: 10 animals
[2025-05-28T10:53:56.350+0000] {animals_api_hook.py:31} INFO - Fetching animals page 79
[2025-05-28T10:53:56.376+0000] {animals_api_hook.py:62} INFO - Fetched page 79: 10 animals
[2025-05-28T10:53:56.377+0000] {animals_api_hook.py:31} INFO - Fetching animals page 80
[2025-05-28T10:53:56.415+0000] {animals_api_hook.py:62} INFO - Fetched page 80: 10 animals
[2025-05-28T10:53:56.415+0000] {animals_api_hook.py:31} INFO - Fetching animals page 81
[2025-05-28T10:53:56.442+0000] {animals_api_hook.py:62} INFO - Fetched page 81: 10 animals
[2025-05-28T10:53:56.442+0000] {animals_api_hook.py:31} INFO - Fetching animals page 82
[2025-05-28T10:53:56.468+0000] {animals_api_hook.py:62} INFO - Fetched page 82: 10 animals
[2025-05-28T10:53:56.469+0000] {animals_api_hook.py:31} INFO - Fetching animals page 83
[2025-05-28T10:53:56.495+0000] {animals_api_hook.py:62} INFO - Fetched page 83: 10 animals
[2025-05-28T10:53:56.495+0000] {animals_api_hook.py:31} INFO - Fetching animals page 84
[2025-05-28T10:53:56.525+0000] {animals_api_hook.py:62} INFO - Fetched page 84: 10 animals
[2025-05-28T10:53:56.525+0000] {animals_api_hook.py:31} INFO - Fetching animals page 85
[2025-05-28T10:53:56.553+0000] {animals_api_hook.py:62} INFO - Fetched page 85: 10 animals
[2025-05-28T10:53:56.553+0000] {animals_api_hook.py:31} INFO - Fetching animals page 86
[2025-05-28T10:53:56.580+0000] {animals_api_hook.py:62} INFO - Fetched page 86: 10 animals
[2025-05-28T10:53:56.581+0000] {animals_api_hook.py:31} INFO - Fetching animals page 87
[2025-05-28T10:53:56.606+0000] {animals_api_hook.py:62} INFO - Fetched page 87: 10 animals
[2025-05-28T10:53:56.607+0000] {animals_api_hook.py:31} INFO - Fetching animals page 88
[2025-05-28T10:53:56.643+0000] {animals_api_hook.py:62} INFO - Fetched page 88: 10 animals
[2025-05-28T10:53:56.643+0000] {animals_api_hook.py:31} INFO - Fetching animals page 89
[2025-05-28T10:53:56.672+0000] {animals_api_hook.py:62} INFO - Fetched page 89: 10 animals
[2025-05-28T10:53:56.672+0000] {animals_api_hook.py:31} INFO - Fetching animals page 90
[2025-05-28T10:53:56.699+0000] {animals_api_hook.py:62} INFO - Fetched page 90: 10 animals
[2025-05-28T10:53:56.700+0000] {animals_api_hook.py:31} INFO - Fetching animals page 91
[2025-05-28T10:54:09.730+0000] {animals_api_hook.py:62} INFO - Fetched page 91: 10 animals
[2025-05-28T10:54:09.731+0000] {animals_api_hook.py:31} INFO - Fetching animals page 92
[2025-05-28T10:54:09.757+0000] {animals_api_hook.py:62} INFO - Fetched page 92: 10 animals
[2025-05-28T10:54:09.758+0000] {animals_api_hook.py:31} INFO - Fetching animals page 93
[2025-05-28T10:54:09.785+0000] {animals_api_hook.py:62} INFO - Fetched page 93: 10 animals
[2025-05-28T10:54:09.786+0000] {animals_api_hook.py:31} INFO - Fetching animals page 94
[2025-05-28T10:54:09.812+0000] {animals_api_hook.py:62} INFO - Fetched page 94: 10 animals
[2025-05-28T10:54:09.812+0000] {animals_api_hook.py:31} INFO - Fetching animals page 95
[2025-05-28T10:54:09.840+0000] {animals_api_hook.py:62} INFO - Fetched page 95: 10 animals
[2025-05-28T10:54:09.840+0000] {animals_api_hook.py:31} INFO - Fetching animals page 96
[2025-05-28T10:54:09.880+0000] {animals_api_hook.py:62} INFO - Fetched page 96: 10 animals
[2025-05-28T10:54:09.881+0000] {animals_api_hook.py:31} INFO - Fetching animals page 97
[2025-05-28T10:54:09.909+0000] {animals_api_hook.py:62} INFO - Fetched page 97: 10 animals
[2025-05-28T10:54:09.910+0000] {animals_api_hook.py:31} INFO - Fetching animals page 98
[2025-05-28T10:54:09.950+0000] {animals_api_hook.py:62} INFO - Fetched page 98: 10 animals
[2025-05-28T10:54:09.951+0000] {animals_api_hook.py:31} INFO - Fetching animals page 99
[2025-05-28T10:54:09.985+0000] {animals_api_hook.py:62} INFO - Fetched page 99: 10 animals
[2025-05-28T10:54:09.986+0000] {animals_api_hook.py:31} INFO - Fetching animals page 100
[2025-05-28T10:54:10.016+0000] {animals_api_hook.py:62} INFO - Fetched page 100: 10 animals
[2025-05-28T10:54:10.016+0000] {animals_api_hook.py:31} INFO - Fetching animals page 101
[2025-05-28T10:54:10.045+0000] {animals_api_hook.py:62} INFO - Fetched page 101: 10 animals
[2025-05-28T10:54:10.046+0000] {animals_api_hook.py:31} INFO - Fetching animals page 102
[2025-05-28T10:54:10.073+0000] {animals_api_hook.py:62} INFO - Fetched page 102: 10 animals
[2025-05-28T10:54:10.073+0000] {animals_api_hook.py:31} INFO - Fetching animals page 103
[2025-05-28T10:54:10.100+0000] {animals_api_hook.py:62} INFO - Fetched page 103: 10 animals
[2025-05-28T10:54:10.100+0000] {animals_api_hook.py:31} INFO - Fetching animals page 104
[2025-05-28T10:54:10.139+0000] {animals_api_hook.py:62} INFO - Fetched page 104: 10 animals
[2025-05-28T10:54:10.140+0000] {animals_api_hook.py:31} INFO - Fetching animals page 105
[2025-05-28T10:54:10.167+0000] {animals_api_hook.py:62} INFO - Fetched page 105: 10 animals
[2025-05-28T10:54:10.168+0000] {animals_api_hook.py:31} INFO - Fetching animals page 106
[2025-05-28T10:54:10.197+0000] {animals_api_hook.py:62} INFO - Fetched page 106: 10 animals
[2025-05-28T10:54:10.197+0000] {animals_api_hook.py:31} INFO - Fetching animals page 107
[2025-05-28T10:54:10.235+0000] {animals_api_hook.py:62} INFO - Fetched page 107: 10 animals
[2025-05-28T10:54:10.236+0000] {animals_api_hook.py:31} INFO - Fetching animals page 108
[2025-05-28T10:54:10.265+0000] {animals_api_hook.py:62} INFO - Fetched page 108: 10 animals
[2025-05-28T10:54:10.266+0000] {animals_api_hook.py:31} INFO - Fetching animals page 109
[2025-05-28T10:54:10.293+0000] {animals_api_hook.py:62} INFO - Fetched page 109: 10 animals
[2025-05-28T10:54:10.293+0000] {animals_api_hook.py:31} INFO - Fetching animals page 110
[2025-05-28T10:54:10.320+0000] {animals_api_hook.py:62} INFO - Fetched page 110: 10 animals
[2025-05-28T10:54:10.321+0000] {animals_api_hook.py:31} INFO - Fetching animals page 111
[2025-05-28T10:54:10.347+0000] {animals_api_hook.py:62} INFO - Fetched page 111: 10 animals
[2025-05-28T10:54:10.348+0000] {animals_api_hook.py:31} INFO - Fetching animals page 112
[2025-05-28T10:54:10.392+0000] {animals_api_hook.py:62} INFO - Fetched page 112: 10 animals
[2025-05-28T10:54:10.393+0000] {animals_api_hook.py:31} INFO - Fetching animals page 113
[2025-05-28T10:54:10.420+0000] {animals_api_hook.py:62} INFO - Fetched page 113: 10 animals
[2025-05-28T10:54:10.421+0000] {animals_api_hook.py:31} INFO - Fetching animals page 114
[2025-05-28T10:54:10.447+0000] {animals_api_hook.py:62} INFO - Fetched page 114: 10 animals
[2025-05-28T10:54:10.448+0000] {animals_api_hook.py:31} INFO - Fetching animals page 115
[2025-05-28T10:54:10.474+0000] {animals_api_hook.py:62} INFO - Fetched page 115: 10 animals
[2025-05-28T10:54:10.474+0000] {animals_api_hook.py:31} INFO - Fetching animals page 116
[2025-05-28T10:54:10.501+0000] {animals_api_hook.py:62} INFO - Fetched page 116: 10 animals
[2025-05-28T10:54:10.502+0000] {animals_api_hook.py:31} INFO - Fetching animals page 117
[2025-05-28T10:54:10.529+0000] {animals_api_hook.py:62} INFO - Fetched page 117: 10 animals
[2025-05-28T10:54:10.529+0000] {animals_api_hook.py:31} INFO - Fetching animals page 118
[2025-05-28T10:54:10.559+0000] {animals_api_hook.py:62} INFO - Fetched page 118: 10 animals
[2025-05-28T10:54:10.560+0000] {animals_api_hook.py:31} INFO - Fetching animals page 119
[2025-05-28T10:54:10.588+0000] {animals_api_hook.py:62} INFO - Fetched page 119: 10 animals
[2025-05-28T10:54:10.588+0000] {animals_api_hook.py:31} INFO - Fetching animals page 120
[2025-05-28T10:54:10.639+0000] {animals_api_hook.py:62} INFO - Fetched page 120: 10 animals
[2025-05-28T10:54:10.639+0000] {animals_api_hook.py:31} INFO - Fetching animals page 121
[2025-05-28T10:54:10.667+0000] {animals_api_hook.py:62} INFO - Fetched page 121: 10 animals
[2025-05-28T10:54:10.668+0000] {animals_api_hook.py:31} INFO - Fetching animals page 122
[2025-05-28T10:54:10.693+0000] {animals_api_hook.py:62} INFO - Fetched page 122: 10 animals
[2025-05-28T10:54:10.694+0000] {animals_api_hook.py:31} INFO - Fetching animals page 123
[2025-05-28T10:54:10.720+0000] {animals_api_hook.py:62} INFO - Fetched page 123: 10 animals
[2025-05-28T10:54:10.720+0000] {animals_api_hook.py:31} INFO - Fetching animals page 124
[2025-05-28T10:54:10.747+0000] {animals_api_hook.py:62} INFO - Fetched page 124: 10 animals
[2025-05-28T10:54:10.747+0000] {animals_api_hook.py:31} INFO - Fetching animals page 125
[2025-05-28T10:54:10.775+0000] {animals_api_hook.py:62} INFO - Fetched page 125: 10 animals
[2025-05-28T10:54:10.776+0000] {animals_api_hook.py:31} INFO - Fetching animals page 126
[2025-05-28T10:54:10.803+0000] {animals_api_hook.py:62} INFO - Fetched page 126: 10 animals
[2025-05-28T10:54:10.803+0000] {animals_api_hook.py:31} INFO - Fetching animals page 127
[2025-05-28T10:54:10.829+0000] {animals_api_hook.py:62} INFO - Fetched page 127: 10 animals
[2025-05-28T10:54:10.829+0000] {animals_api_hook.py:31} INFO - Fetching animals page 128
[2025-05-28T10:54:10.863+0000] {animals_api_hook.py:62} INFO - Fetched page 128: 10 animals
[2025-05-28T10:54:10.863+0000] {animals_api_hook.py:31} INFO - Fetching animals page 129
[2025-05-28T10:54:10.890+0000] {animals_api_hook.py:62} INFO - Fetched page 129: 10 animals
[2025-05-28T10:54:10.891+0000] {animals_api_hook.py:31} INFO - Fetching animals page 130
[2025-05-28T10:54:10.917+0000] {animals_api_hook.py:62} INFO - Fetched page 130: 10 animals
[2025-05-28T10:54:10.918+0000] {animals_api_hook.py:31} INFO - Fetching animals page 131
[2025-05-28T10:54:10.944+0000] {animals_api_hook.py:62} INFO - Fetched page 131: 10 animals
[2025-05-28T10:54:10.944+0000] {animals_api_hook.py:31} INFO - Fetching animals page 132
[2025-05-28T10:54:10.970+0000] {animals_api_hook.py:62} INFO - Fetched page 132: 10 animals
[2025-05-28T10:54:10.971+0000] {animals_api_hook.py:31} INFO - Fetching animals page 133
[2025-05-28T10:54:10.997+0000] {animals_api_hook.py:62} INFO - Fetched page 133: 10 animals
[2025-05-28T10:54:10.998+0000] {animals_api_hook.py:31} INFO - Fetching animals page 134
[2025-05-28T10:54:11.024+0000] {animals_api_hook.py:62} INFO - Fetched page 134: 10 animals
[2025-05-28T10:54:11.025+0000] {animals_api_hook.py:31} INFO - Fetching animals page 135
[2025-05-28T10:54:11.050+0000] {animals_api_hook.py:62} INFO - Fetched page 135: 10 animals
[2025-05-28T10:54:11.051+0000] {animals_api_hook.py:31} INFO - Fetching animals page 136
[2025-05-28T10:54:11.077+0000] {animals_api_hook.py:62} INFO - Fetched page 136: 10 animals
[2025-05-28T10:54:11.078+0000] {animals_api_hook.py:31} INFO - Fetching animals page 137
[2025-05-28T10:54:11.111+0000] {animals_api_hook.py:62} INFO - Fetched page 137: 10 animals
[2025-05-28T10:54:11.112+0000] {animals_api_hook.py:31} INFO - Fetching animals page 138
[2025-05-28T10:54:11.138+0000] {animals_api_hook.py:62} INFO - Fetched page 138: 10 animals
[2025-05-28T10:54:11.139+0000] {animals_api_hook.py:31} INFO - Fetching animals page 139
[2025-05-28T10:54:11.166+0000] {animals_api_hook.py:62} INFO - Fetched page 139: 10 animals
[2025-05-28T10:54:11.167+0000] {animals_api_hook.py:31} INFO - Fetching animals page 140
[2025-05-28T10:54:11.200+0000] {animals_api_hook.py:62} INFO - Fetched page 140: 10 animals
[2025-05-28T10:54:11.201+0000] {animals_api_hook.py:31} INFO - Fetching animals page 141
[2025-05-28T10:54:11.232+0000] {animals_api_hook.py:62} INFO - Fetched page 141: 10 animals
[2025-05-28T10:54:11.233+0000] {animals_api_hook.py:31} INFO - Fetching animals page 142
[2025-05-28T10:54:11.263+0000] {animals_api_hook.py:62} INFO - Fetched page 142: 10 animals
[2025-05-28T10:54:11.264+0000] {animals_api_hook.py:31} INFO - Fetching animals page 143
[2025-05-28T10:54:11.293+0000] {animals_api_hook.py:62} INFO - Fetched page 143: 10 animals
[2025-05-28T10:54:11.293+0000] {animals_api_hook.py:31} INFO - Fetching animals page 144
[2025-05-28T10:54:11.322+0000] {animals_api_hook.py:62} INFO - Fetched page 144: 10 animals
[2025-05-28T10:54:11.322+0000] {animals_api_hook.py:31} INFO - Fetching animals page 145
[2025-05-28T10:54:11.359+0000] {animals_api_hook.py:62} INFO - Fetched page 145: 10 animals
[2025-05-28T10:54:11.360+0000] {animals_api_hook.py:31} INFO - Fetching animals page 146
[2025-05-28T10:54:11.389+0000] {animals_api_hook.py:62} INFO - Fetched page 146: 10 animals
[2025-05-28T10:54:11.390+0000] {animals_api_hook.py:31} INFO - Fetching animals page 147
[2025-05-28T10:54:11.418+0000] {animals_api_hook.py:62} INFO - Fetched page 147: 10 animals
[2025-05-28T10:54:11.418+0000] {animals_api_hook.py:31} INFO - Fetching animals page 148
[2025-05-28T10:54:11.448+0000] {animals_api_hook.py:62} INFO - Fetched page 148: 10 animals
[2025-05-28T10:54:11.449+0000] {animals_api_hook.py:31} INFO - Fetching animals page 149
[2025-05-28T10:54:11.482+0000] {animals_api_hook.py:62} INFO - Fetched page 149: 10 animals
[2025-05-28T10:54:11.483+0000] {animals_api_hook.py:31} INFO - Fetching animals page 150
[2025-05-28T10:54:11.510+0000] {animals_api_hook.py:62} INFO - Fetched page 150: 10 animals
[2025-05-28T10:54:11.511+0000] {animals_api_hook.py:31} INFO - Fetching animals page 151
[2025-05-28T10:54:11.546+0000] {animals_api_hook.py:62} INFO - Fetched page 151: 10 animals
[2025-05-28T10:54:11.546+0000] {animals_api_hook.py:31} INFO - Fetching animals page 152
[2025-05-28T10:54:11.584+0000] {animals_api_hook.py:62} INFO - Fetched page 152: 10 animals
[2025-05-28T10:54:11.585+0000] {animals_api_hook.py:31} INFO - Fetching animals page 153
[2025-05-28T10:54:11.627+0000] {animals_api_hook.py:62} INFO - Fetched page 153: 10 animals
[2025-05-28T10:54:11.628+0000] {animals_api_hook.py:31} INFO - Fetching animals page 154
[2025-05-28T10:54:11.681+0000] {animals_api_hook.py:62} INFO - Fetched page 154: 10 animals
[2025-05-28T10:54:11.681+0000] {animals_api_hook.py:31} INFO - Fetching animals page 155
[2025-05-28T10:54:11.712+0000] {animals_api_hook.py:62} INFO - Fetched page 155: 10 animals
[2025-05-28T10:54:11.712+0000] {animals_api_hook.py:31} INFO - Fetching animals page 156
[2025-05-28T10:54:11.742+0000] {animals_api_hook.py:62} INFO - Fetched page 156: 10 animals
[2025-05-28T10:54:11.742+0000] {animals_api_hook.py:31} INFO - Fetching animals page 157
[2025-05-28T10:54:11.787+0000] {animals_api_hook.py:62} INFO - Fetched page 157: 10 animals
[2025-05-28T10:54:11.787+0000] {animals_api_hook.py:31} INFO - Fetching animals page 158
[2025-05-28T10:54:11.814+0000] {animals_api_hook.py:62} INFO - Fetched page 158: 10 animals
[2025-05-28T10:54:11.815+0000] {animals_api_hook.py:31} INFO - Fetching animals page 159
[2025-05-28T10:54:11.843+0000] {animals_api_hook.py:62} INFO - Fetched page 159: 10 animals
[2025-05-28T10:54:11.844+0000] {animals_api_hook.py:31} INFO - Fetching animals page 160
[2025-05-28T10:54:11.889+0000] {animals_api_hook.py:62} INFO - Fetched page 160: 10 animals
[2025-05-28T10:54:11.890+0000] {animals_api_hook.py:31} INFO - Fetching animals page 161
[2025-05-28T10:54:11.924+0000] {animals_api_hook.py:62} INFO - Fetched page 161: 10 animals
[2025-05-28T10:54:11.925+0000] {animals_api_hook.py:31} INFO - Fetching animals page 162
[2025-05-28T10:54:11.977+0000] {animals_api_hook.py:62} INFO - Fetched page 162: 10 animals
[2025-05-28T10:54:11.978+0000] {animals_api_hook.py:31} INFO - Fetching animals page 163
[2025-05-28T10:54:12.008+0000] {animals_api_hook.py:62} INFO - Fetched page 163: 10 animals
[2025-05-28T10:54:12.009+0000] {animals_api_hook.py:31} INFO - Fetching animals page 164
[2025-05-28T10:54:12.038+0000] {animals_api_hook.py:62} INFO - Fetched page 164: 10 animals
[2025-05-28T10:54:12.039+0000] {animals_api_hook.py:31} INFO - Fetching animals page 165
[2025-05-28T10:54:12.069+0000] {animals_api_hook.py:62} INFO - Fetched page 165: 10 animals
[2025-05-28T10:54:12.069+0000] {animals_api_hook.py:31} INFO - Fetching animals page 166
[2025-05-28T10:54:12.099+0000] {animals_api_hook.py:62} INFO - Fetched page 166: 10 animals
[2025-05-28T10:54:12.099+0000] {animals_api_hook.py:31} INFO - Fetching animals page 167
[2025-05-28T10:54:12.127+0000] {animals_api_hook.py:62} INFO - Fetched page 167: 10 animals
[2025-05-28T10:54:12.127+0000] {animals_api_hook.py:31} INFO - Fetching animals page 168
[2025-05-28T10:54:24.161+0000] {animals_api_hook.py:62} INFO - Fetched page 168: 10 animals
[2025-05-28T10:54:24.162+0000] {animals_api_hook.py:31} INFO - Fetching animals page 169
[2025-05-28T10:54:24.190+0000] {animals_api_hook.py:62} INFO - Fetched page 169: 10 animals
[2025-05-28T10:54:24.191+0000] {animals_api_hook.py:31} INFO - Fetching animals page 170
[2025-05-28T10:54:24.218+0000] {animals_api_hook.py:62} INFO - Fetched page 170: 10 animals
[2025-05-28T10:54:24.218+0000] {animals_api_hook.py:31} INFO - Fetching animals page 171
[2025-05-28T10:54:39.261+0000] {animals_api_hook.py:62} INFO - Fetched page 171: 10 animals
[2025-05-28T10:54:39.262+0000] {animals_api_hook.py:31} INFO - Fetching animals page 172
[2025-05-28T10:54:39.294+0000] {animals_api_hook.py:62} INFO - Fetched page 172: 10 animals
[2025-05-28T10:54:39.294+0000] {animals_api_hook.py:31} INFO - Fetching animals page 173
[2025-05-28T10:54:39.320+0000] {animals_api_hook.py:62} INFO - Fetched page 173: 10 animals
[2025-05-28T10:54:39.321+0000] {animals_api_hook.py:31} INFO - Fetching animals page 174
[2025-05-28T10:54:39.348+0000] {animals_api_hook.py:62} INFO - Fetched page 174: 10 animals
[2025-05-28T10:54:39.348+0000] {animals_api_hook.py:31} INFO - Fetching animals page 175
[2025-05-28T10:54:39.375+0000] {animals_api_hook.py:62} INFO - Fetched page 175: 10 animals
[2025-05-28T10:54:39.376+0000] {animals_api_hook.py:31} INFO - Fetching animals page 176
[2025-05-28T10:54:39.401+0000] {animals_api_hook.py:62} INFO - Fetched page 176: 10 animals
[2025-05-28T10:54:39.402+0000] {animals_api_hook.py:31} INFO - Fetching animals page 177
[2025-05-28T10:54:39.429+0000] {animals_api_hook.py:62} INFO - Fetched page 177: 10 animals
[2025-05-28T10:54:39.430+0000] {animals_api_hook.py:31} INFO - Fetching animals page 178
[2025-05-28T10:54:39.457+0000] {animals_api_hook.py:62} INFO - Fetched page 178: 10 animals
[2025-05-28T10:54:39.457+0000] {animals_api_hook.py:31} INFO - Fetching animals page 179
[2025-05-28T10:54:39.496+0000] {animals_api_hook.py:62} INFO - Fetched page 179: 10 animals
[2025-05-28T10:54:39.497+0000] {animals_api_hook.py:31} INFO - Fetching animals page 180
[2025-05-28T10:54:39.524+0000] {animals_api_hook.py:62} INFO - Fetched page 180: 10 animals
[2025-05-28T10:54:39.524+0000] {animals_api_hook.py:31} INFO - Fetching animals page 181
[2025-05-28T10:54:39.551+0000] {animals_api_hook.py:62} INFO - Fetched page 181: 10 animals
[2025-05-28T10:54:39.551+0000] {animals_api_hook.py:31} INFO - Fetching animals page 182
[2025-05-28T10:54:39.579+0000] {animals_api_hook.py:62} INFO - Fetched page 182: 10 animals
[2025-05-28T10:54:39.579+0000] {animals_api_hook.py:31} INFO - Fetching animals page 183
[2025-05-28T10:54:40.605+0000] {animals_api_hook.py:31} INFO - Fetching animals page 183
[2025-05-28T10:54:40.635+0000] {animals_api_hook.py:62} INFO - Fetched page 183: 10 animals
[2025-05-28T10:54:40.636+0000] {animals_api_hook.py:31} INFO - Fetching animals page 184
[2025-05-28T10:54:40.663+0000] {animals_api_hook.py:62} INFO - Fetched page 184: 10 animals
[2025-05-28T10:54:40.664+0000] {animals_api_hook.py:31} INFO - Fetching animals page 185
[2025-05-28T10:54:40.691+0000] {animals_api_hook.py:62} INFO - Fetched page 185: 10 animals
[2025-05-28T10:54:40.692+0000] {animals_api_hook.py:31} INFO - Fetching animals page 186
[2025-05-28T10:54:40.730+0000] {animals_api_hook.py:62} INFO - Fetched page 186: 10 animals
[2025-05-28T10:54:40.731+0000] {animals_api_hook.py:31} INFO - Fetching animals page 187
[2025-05-28T10:54:40.762+0000] {animals_api_hook.py:62} INFO - Fetched page 187: 10 animals
[2025-05-28T10:54:40.762+0000] {animals_api_hook.py:31} INFO - Fetching animals page 188
[2025-05-28T10:54:40.792+0000] {animals_api_hook.py:62} INFO - Fetched page 188: 10 animals
[2025-05-28T10:54:40.793+0000] {animals_api_hook.py:31} INFO - Fetching animals page 189
[2025-05-28T10:54:40.820+0000] {animals_api_hook.py:62} INFO - Fetched page 189: 10 animals
[2025-05-28T10:54:40.820+0000] {animals_api_hook.py:31} INFO - Fetching animals page 190
[2025-05-28T10:54:40.848+0000] {animals_api_hook.py:62} INFO - Fetched page 190: 10 animals
[2025-05-28T10:54:40.848+0000] {animals_api_hook.py:31} INFO - Fetching animals page 191
[2025-05-28T10:54:40.876+0000] {animals_api_hook.py:62} INFO - Fetched page 191: 10 animals
[2025-05-28T10:54:40.876+0000] {animals_api_hook.py:31} INFO - Fetching animals page 192
[2025-05-28T10:54:40.903+0000] {animals_api_hook.py:62} INFO - Fetched page 192: 10 animals
[2025-05-28T10:54:40.904+0000] {animals_api_hook.py:31} INFO - Fetching animals page 193
[2025-05-28T10:54:40.936+0000] {animals_api_hook.py:62} INFO - Fetched page 193: 10 animals
[2025-05-28T10:54:40.937+0000] {animals_api_hook.py:31} INFO - Fetching animals page 194
[2025-05-28T10:54:40.967+0000] {animals_api_hook.py:62} INFO - Fetched page 194: 10 animals
[2025-05-28T10:54:40.967+0000] {animals_api_hook.py:31} INFO - Fetching animals page 195
[2025-05-28T10:54:41.006+0000] {animals_api_hook.py:62} INFO - Fetched page 195: 10 animals
[2025-05-28T10:54:41.006+0000] {animals_api_hook.py:31} INFO - Fetching animals page 196
[2025-05-28T10:54:41.034+0000] {animals_api_hook.py:62} INFO - Fetched page 196: 10 animals
[2025-05-28T10:54:41.035+0000] {animals_api_hook.py:31} INFO - Fetching animals page 197
[2025-05-28T10:54:41.064+0000] {animals_api_hook.py:62} INFO - Fetched page 197: 10 animals
[2025-05-28T10:54:41.065+0000] {animals_api_hook.py:31} INFO - Fetching animals page 198
[2025-05-28T10:54:41.091+0000] {animals_api_hook.py:62} INFO - Fetched page 198: 10 animals
[2025-05-28T10:54:41.092+0000] {animals_api_hook.py:31} INFO - Fetching animals page 199
[2025-05-28T10:54:41.118+0000] {animals_api_hook.py:62} INFO - Fetched page 199: 10 animals
[2025-05-28T10:54:41.119+0000] {animals_api_hook.py:31} INFO - Fetching animals page 200
[2025-05-28T10:54:41.146+0000] {animals_api_hook.py:62} INFO - Fetched page 200: 10 animals
[2025-05-28T10:54:41.146+0000] {animals_api_hook.py:31} INFO - Fetching animals page 201
[2025-05-28T10:54:41.172+0000] {animals_api_hook.py:62} INFO - Fetched page 201: 10 animals
[2025-05-28T10:54:41.173+0000] {animals_api_hook.py:31} INFO - Fetching animals page 202
[2025-05-28T10:54:41.200+0000] {animals_api_hook.py:62} INFO - Fetched page 202: 10 animals
[2025-05-28T10:54:41.201+0000] {animals_api_hook.py:31} INFO - Fetching animals page 203
[2025-05-28T10:54:41.241+0000] {animals_api_hook.py:62} INFO - Fetched page 203: 10 animals
[2025-05-28T10:54:41.241+0000] {animals_api_hook.py:31} INFO - Fetching animals page 204
[2025-05-28T10:54:41.270+0000] {animals_api_hook.py:62} INFO - Fetched page 204: 10 animals
[2025-05-28T10:54:41.271+0000] {animals_api_hook.py:31} INFO - Fetching animals page 205
[2025-05-28T10:54:41.299+0000] {animals_api_hook.py:62} INFO - Fetched page 205: 10 animals
[2025-05-28T10:54:41.300+0000] {animals_api_hook.py:31} INFO - Fetching animals page 206
[2025-05-28T10:54:41.331+0000] {animals_api_hook.py:62} INFO - Fetched page 206: 10 animals
[2025-05-28T10:54:41.332+0000] {animals_api_hook.py:31} INFO - Fetching animals page 207
[2025-05-28T10:54:41.363+0000] {animals_api_hook.py:62} INFO - Fetched page 207: 10 animals
[2025-05-28T10:54:41.364+0000] {animals_api_hook.py:31} INFO - Fetching animals page 208
[2025-05-28T10:54:41.390+0000] {animals_api_hook.py:62} INFO - Fetched page 208: 10 animals
[2025-05-28T10:54:41.391+0000] {animals_api_hook.py:31} INFO - Fetching animals page 209
[2025-05-28T10:54:41.428+0000] {animals_api_hook.py:62} INFO - Fetched page 209: 10 animals
[2025-05-28T10:54:41.428+0000] {animals_api_hook.py:31} INFO - Fetching animals page 210
[2025-05-28T10:54:41.455+0000] {animals_api_hook.py:62} INFO - Fetched page 210: 10 animals
[2025-05-28T10:54:41.455+0000] {animals_api_hook.py:31} INFO - Fetching animals page 211
[2025-05-28T10:54:41.481+0000] {animals_api_hook.py:62} INFO - Fetched page 211: 10 animals
[2025-05-28T10:54:41.482+0000] {animals_api_hook.py:31} INFO - Fetching animals page 212
[2025-05-28T10:54:42.520+0000] {animals_api_hook.py:31} INFO - Fetching animals page 212
[2025-05-28T10:54:42.549+0000] {animals_api_hook.py:62} INFO - Fetched page 212: 10 animals
[2025-05-28T10:54:42.549+0000] {animals_api_hook.py:31} INFO - Fetching animals page 213
[2025-05-28T10:54:42.577+0000] {animals_api_hook.py:62} INFO - Fetched page 213: 10 animals
[2025-05-28T10:54:42.578+0000] {animals_api_hook.py:31} INFO - Fetching animals page 214
[2025-05-28T10:54:42.606+0000] {animals_api_hook.py:62} INFO - Fetched page 214: 10 animals
[2025-05-28T10:54:42.607+0000] {animals_api_hook.py:31} INFO - Fetching animals page 215
[2025-05-28T10:54:42.634+0000] {animals_api_hook.py:62} INFO - Fetched page 215: 10 animals
[2025-05-28T10:54:42.635+0000] {animals_api_hook.py:31} INFO - Fetching animals page 216
[2025-05-28T10:54:42.662+0000] {animals_api_hook.py:62} INFO - Fetched page 216: 10 animals
[2025-05-28T10:54:42.663+0000] {animals_api_hook.py:31} INFO - Fetching animals page 217
[2025-05-28T10:54:42.693+0000] {animals_api_hook.py:62} INFO - Fetched page 217: 10 animals
[2025-05-28T10:54:42.694+0000] {animals_api_hook.py:31} INFO - Fetching animals page 218
[2025-05-28T10:54:42.722+0000] {animals_api_hook.py:62} INFO - Fetched page 218: 10 animals
[2025-05-28T10:54:42.723+0000] {animals_api_hook.py:31} INFO - Fetching animals page 219
[2025-05-28T10:54:42.761+0000] {animals_api_hook.py:62} INFO - Fetched page 219: 10 animals
[2025-05-28T10:54:42.762+0000] {animals_api_hook.py:31} INFO - Fetching animals page 220
[2025-05-28T10:54:42.788+0000] {animals_api_hook.py:62} INFO - Fetched page 220: 10 animals
[2025-05-28T10:54:42.788+0000] {animals_api_hook.py:31} INFO - Fetching animals page 221
[2025-05-28T10:54:42.815+0000] {animals_api_hook.py:62} INFO - Fetched page 221: 10 animals
[2025-05-28T10:54:42.816+0000] {animals_api_hook.py:31} INFO - Fetching animals page 222
[2025-05-28T10:54:42.842+0000] {animals_api_hook.py:62} INFO - Fetched page 222: 10 animals
[2025-05-28T10:54:42.842+0000] {animals_api_hook.py:31} INFO - Fetching animals page 223
[2025-05-28T10:54:42.870+0000] {animals_api_hook.py:62} INFO - Fetched page 223: 10 animals
[2025-05-28T10:54:42.870+0000] {animals_api_hook.py:31} INFO - Fetching animals page 224
[2025-05-28T10:54:42.898+0000] {animals_api_hook.py:62} INFO - Fetched page 224: 10 animals
[2025-05-28T10:54:42.899+0000] {animals_api_hook.py:31} INFO - Fetching animals page 225
[2025-05-28T10:54:42.926+0000] {animals_api_hook.py:62} INFO - Fetched page 225: 10 animals
[2025-05-28T10:54:42.927+0000] {animals_api_hook.py:31} INFO - Fetching animals page 226
[2025-05-28T10:54:42.956+0000] {animals_api_hook.py:62} INFO - Fetched page 226: 10 animals
[2025-05-28T10:54:42.956+0000] {animals_api_hook.py:31} INFO - Fetching animals page 227
[2025-05-28T10:54:42.996+0000] {animals_api_hook.py:62} INFO - Fetched page 227: 10 animals
[2025-05-28T10:54:42.996+0000] {animals_api_hook.py:31} INFO - Fetching animals page 228
[2025-05-28T10:54:43.028+0000] {animals_api_hook.py:62} INFO - Fetched page 228: 10 animals
[2025-05-28T10:54:43.029+0000] {animals_api_hook.py:31} INFO - Fetching animals page 229
[2025-05-28T10:54:43.056+0000] {animals_api_hook.py:62} INFO - Fetched page 229: 10 animals
[2025-05-28T10:54:43.057+0000] {animals_api_hook.py:31} INFO - Fetching animals page 230
[2025-05-28T10:54:43.083+0000] {animals_api_hook.py:62} INFO - Fetched page 230: 10 animals
[2025-05-28T10:54:43.083+0000] {animals_api_hook.py:31} INFO - Fetching animals page 231
[2025-05-28T10:54:43.110+0000] {animals_api_hook.py:62} INFO - Fetched page 231: 10 animals
[2025-05-28T10:54:43.111+0000] {animals_api_hook.py:31} INFO - Fetching animals page 232
[2025-05-28T10:54:43.136+0000] {animals_api_hook.py:62} INFO - Fetched page 232: 10 animals
[2025-05-28T10:54:43.136+0000] {animals_api_hook.py:31} INFO - Fetching animals page 233
[2025-05-28T10:54:43.162+0000] {animals_api_hook.py:62} INFO - Fetched page 233: 10 animals
[2025-05-28T10:54:43.163+0000] {animals_api_hook.py:31} INFO - Fetching animals page 234
[2025-05-28T10:54:43.189+0000] {animals_api_hook.py:62} INFO - Fetched page 234: 10 animals
[2025-05-28T10:54:43.190+0000] {animals_api_hook.py:31} INFO - Fetching animals page 235
[2025-05-28T10:54:43.215+0000] {animals_api_hook.py:62} INFO - Fetched page 235: 10 animals
[2025-05-28T10:54:43.216+0000] {animals_api_hook.py:31} INFO - Fetching animals page 236
[2025-05-28T10:54:43.250+0000] {animals_api_hook.py:62} INFO - Fetched page 236: 10 animals
[2025-05-28T10:54:43.251+0000] {animals_api_hook.py:31} INFO - Fetching animals page 237
[2025-05-28T10:54:43.280+0000] {animals_api_hook.py:62} INFO - Fetched page 237: 10 animals
[2025-05-28T10:54:43.280+0000] {animals_api_hook.py:31} INFO - Fetching animals page 238
[2025-05-28T10:54:43.323+0000] {animals_api_hook.py:62} INFO - Fetched page 238: 10 animals
[2025-05-28T10:54:43.324+0000] {animals_api_hook.py:31} INFO - Fetching animals page 239
[2025-05-28T10:54:43.356+0000] {animals_api_hook.py:62} INFO - Fetched page 239: 10 animals
[2025-05-28T10:54:43.357+0000] {animals_api_hook.py:31} INFO - Fetching animals page 240
[2025-05-28T10:54:43.385+0000] {animals_api_hook.py:62} INFO - Fetched page 240: 10 animals
[2025-05-28T10:54:43.385+0000] {animals_api_hook.py:31} INFO - Fetching animals page 241
[2025-05-28T10:54:43.415+0000] {animals_api_hook.py:62} INFO - Fetched page 241: 10 animals
[2025-05-28T10:54:43.415+0000] {animals_api_hook.py:31} INFO - Fetching animals page 242
[2025-05-28T10:54:43.442+0000] {animals_api_hook.py:62} INFO - Fetched page 242: 10 animals
[2025-05-28T10:54:43.442+0000] {animals_api_hook.py:31} INFO - Fetching animals page 243
[2025-05-28T10:54:43.471+0000] {animals_api_hook.py:62} INFO - Fetched page 243: 10 animals
[2025-05-28T10:54:43.472+0000] {animals_api_hook.py:31} INFO - Fetching animals page 244
[2025-05-28T10:54:43.508+0000] {animals_api_hook.py:62} INFO - Fetched page 244: 10 animals
[2025-05-28T10:54:43.509+0000] {animals_api_hook.py:31} INFO - Fetching animals page 245
[2025-05-28T10:54:43.536+0000] {animals_api_hook.py:62} INFO - Fetched page 245: 10 animals
[2025-05-28T10:54:43.537+0000] {animals_api_hook.py:31} INFO - Fetching animals page 246
[2025-05-28T10:54:43.565+0000] {animals_api_hook.py:62} INFO - Fetched page 246: 10 animals
[2025-05-28T10:54:43.566+0000] {animals_api_hook.py:31} INFO - Fetching animals page 247
[2025-05-28T10:54:54.664+0000] {process_utils.py:149} WARNING - process psutil.Process(pid=102, name='airflow task ru', status='sleeping', started='10:53:43') did not respond to SIGTERM. Trying SIGKILL
[2025-05-28T10:54:54.668+0000] {process_utils.py:86} INFO - Sending the signal 9 to group 102
[2025-05-28T10:54:54.682+0000] {process_utils.py:79} INFO - Process psutil.Process(pid=102, name='airflow task ru', status='terminated', exitcode=<Negsignal.SIGKILL: -9>, started='10:53:43') (102) terminated with exit code -9
[2025-05-28T10:54:54.683+0000] {standard_task_runner.py:175} ERROR - Job 29 was killed before it finished (likely due to running out of memory)
