[2025-05-28T09:33:35.071+0000] {taskinstance.py:1979} INFO - Dependencies all met for dep_context=non-requeueable deps ti=<TaskInstance: animal_etl_pipeline_v1.0.1.extract_animals scheduled__2025-05-27T02:00:00+00:00 [queued]>
[2025-05-28T09:33:35.083+0000] {taskinstance.py:1979} INFO - Dependencies all met for dep_context=requeueable deps ti=<TaskInstance: animal_etl_pipeline_v1.0.1.extract_animals scheduled__2025-05-27T02:00:00+00:00 [queued]>
[2025-05-28T09:33:35.084+0000] {taskinstance.py:2193} INFO - Starting attempt 1 of 4
[2025-05-28T09:33:35.102+0000] {taskinstance.py:2217} INFO - Executing <Task(ExtractAnimalsOperator): extract_animals> on 2025-05-27 02:00:00+00:00
[2025-05-28T09:33:35.109+0000] {standard_task_runner.py:60} INFO - Started process 69 to run task
[2025-05-28T09:33:35.112+0000] {standard_task_runner.py:87} INFO - Running: ['airflow', 'tasks', 'run', 'animal_etl_pipeline_v1.0.1', 'extract_animals', 'scheduled__2025-05-27T02:00:00+00:00', '--job-id', '14', '--raw', '--subdir', 'DAGS_FOLDER/animal_etl_dag.py', '--cfg-path', '/tmp/tmppwugidb_']
[2025-05-28T09:33:35.113+0000] {standard_task_runner.py:88} INFO - Job 14: Subtask extract_animals
[2025-05-28T09:33:35.175+0000] {task_command.py:423} INFO - Running <TaskInstance: animal_etl_pipeline_v1.0.1.extract_animals scheduled__2025-05-27T02:00:00+00:00 [running]> on host 92026f8f66a7
[2025-05-28T09:33:35.271+0000] {taskinstance.py:2513} INFO - Exporting env vars: AIRFLOW_CTX_DAG_EMAIL='admin@company.com' AIRFLOW_CTX_DAG_OWNER='data_team' AIRFLOW_CTX_DAG_ID='animal_etl_pipeline_v1.0.1' AIRFLOW_CTX_TASK_ID='extract_animals' AIRFLOW_CTX_EXECUTION_DATE='2025-05-27T02:00:00+00:00' AIRFLOW_CTX_TRY_NUMBER='1' AIRFLOW_CTX_DAG_RUN_ID='scheduled__2025-05-27T02:00:00+00:00'
[2025-05-28T09:33:35.272+0000] {animals_api_hook.py:55} INFO - Starting to fetch all animals
[2025-05-28T09:33:35.273+0000] {animals_api_hook.py:33} INFO - Fetching animals page 1
[2025-05-28T09:33:35.311+0000] {animals_api_hook.py:65} INFO - Fetched page 1: 10 animals
[2025-05-28T09:33:35.312+0000] {animals_api_hook.py:33} INFO - Fetching animals page 2
[2025-05-28T09:33:35.342+0000] {animals_api_hook.py:65} INFO - Fetched page 2: 10 animals
[2025-05-28T09:33:35.342+0000] {animals_api_hook.py:33} INFO - Fetching animals page 3
[2025-05-28T09:33:35.371+0000] {animals_api_hook.py:65} INFO - Fetched page 3: 10 animals
[2025-05-28T09:33:35.372+0000] {animals_api_hook.py:33} INFO - Fetching animals page 4
[2025-05-28T09:33:35.400+0000] {animals_api_hook.py:65} INFO - Fetched page 4: 10 animals
[2025-05-28T09:33:35.400+0000] {animals_api_hook.py:33} INFO - Fetching animals page 5
[2025-05-28T09:33:35.429+0000] {animals_api_hook.py:65} INFO - Fetched page 5: 10 animals
[2025-05-28T09:33:35.429+0000] {animals_api_hook.py:33} INFO - Fetching animals page 6
[2025-05-28T09:33:35.457+0000] {animals_api_hook.py:65} INFO - Fetched page 6: 10 animals
[2025-05-28T09:33:35.458+0000] {animals_api_hook.py:33} INFO - Fetching animals page 7
[2025-05-28T09:33:35.491+0000] {animals_api_hook.py:65} INFO - Fetched page 7: 10 animals
[2025-05-28T09:33:35.492+0000] {animals_api_hook.py:33} INFO - Fetching animals page 8
[2025-05-28T09:33:35.517+0000] {animals_api_hook.py:65} INFO - Fetched page 8: 10 animals
[2025-05-28T09:33:35.518+0000] {animals_api_hook.py:33} INFO - Fetching animals page 9
[2025-05-28T09:33:35.545+0000] {animals_api_hook.py:65} INFO - Fetched page 9: 10 animals
[2025-05-28T09:33:35.546+0000] {animals_api_hook.py:33} INFO - Fetching animals page 10
[2025-05-28T09:33:35.572+0000] {animals_api_hook.py:65} INFO - Fetched page 10: 10 animals
[2025-05-28T09:33:35.572+0000] {animals_api_hook.py:33} INFO - Fetching animals page 11
[2025-05-28T09:33:35.600+0000] {animals_api_hook.py:65} INFO - Fetched page 11: 10 animals
[2025-05-28T09:33:35.601+0000] {animals_api_hook.py:33} INFO - Fetching animals page 12
[2025-05-28T09:33:35.628+0000] {animals_api_hook.py:65} INFO - Fetched page 12: 10 animals
[2025-05-28T09:33:35.628+0000] {animals_api_hook.py:33} INFO - Fetching animals page 13
[2025-05-28T09:33:35.657+0000] {animals_api_hook.py:65} INFO - Fetched page 13: 10 animals
[2025-05-28T09:33:35.658+0000] {animals_api_hook.py:33} INFO - Fetching animals page 14
[2025-05-28T09:33:35.695+0000] {animals_api_hook.py:65} INFO - Fetched page 14: 10 animals
[2025-05-28T09:33:35.696+0000] {animals_api_hook.py:33} INFO - Fetching animals page 15
[2025-05-28T09:33:35.733+0000] {animals_api_hook.py:65} INFO - Fetched page 15: 10 animals
[2025-05-28T09:33:35.734+0000] {animals_api_hook.py:33} INFO - Fetching animals page 16
[2025-05-28T09:33:36.761+0000] {animals_api_hook.py:33} INFO - Fetching animals page 16
[2025-05-28T09:33:36.792+0000] {animals_api_hook.py:65} INFO - Fetched page 16: 10 animals
[2025-05-28T09:33:36.793+0000] {animals_api_hook.py:33} INFO - Fetching animals page 17
[2025-05-28T09:33:36.819+0000] {animals_api_hook.py:65} INFO - Fetched page 17: 10 animals
[2025-05-28T09:33:36.820+0000] {animals_api_hook.py:33} INFO - Fetching animals page 18
[2025-05-28T09:33:36.849+0000] {animals_api_hook.py:65} INFO - Fetched page 18: 10 animals
[2025-05-28T09:33:36.849+0000] {animals_api_hook.py:33} INFO - Fetching animals page 19
[2025-05-28T09:33:36.875+0000] {animals_api_hook.py:65} INFO - Fetched page 19: 10 animals
[2025-05-28T09:33:36.876+0000] {animals_api_hook.py:33} INFO - Fetching animals page 20
[2025-05-28T09:33:36.902+0000] {animals_api_hook.py:65} INFO - Fetched page 20: 10 animals
[2025-05-28T09:33:36.902+0000] {animals_api_hook.py:33} INFO - Fetching animals page 21
[2025-05-28T09:33:36.928+0000] {animals_api_hook.py:65} INFO - Fetched page 21: 10 animals
[2025-05-28T09:33:36.929+0000] {animals_api_hook.py:33} INFO - Fetching animals page 22
[2025-05-28T09:33:36.967+0000] {animals_api_hook.py:65} INFO - Fetched page 22: 10 animals
[2025-05-28T09:33:36.967+0000] {animals_api_hook.py:33} INFO - Fetching animals page 23
[2025-05-28T09:33:36.993+0000] {animals_api_hook.py:65} INFO - Fetched page 23: 10 animals
[2025-05-28T09:33:36.994+0000] {animals_api_hook.py:33} INFO - Fetching animals page 24
[2025-05-28T09:33:37.020+0000] {animals_api_hook.py:65} INFO - Fetched page 24: 10 animals
[2025-05-28T09:33:37.020+0000] {animals_api_hook.py:33} INFO - Fetching animals page 25
[2025-05-28T09:33:37.046+0000] {animals_api_hook.py:65} INFO - Fetched page 25: 10 animals
[2025-05-28T09:33:37.047+0000] {animals_api_hook.py:33} INFO - Fetching animals page 26
[2025-05-28T09:33:37.075+0000] {animals_api_hook.py:65} INFO - Fetched page 26: 10 animals
[2025-05-28T09:33:37.075+0000] {animals_api_hook.py:33} INFO - Fetching animals page 27
[2025-05-28T09:33:37.101+0000] {animals_api_hook.py:65} INFO - Fetched page 27: 10 animals
[2025-05-28T09:33:37.101+0000] {animals_api_hook.py:33} INFO - Fetching animals page 28
[2025-05-28T09:33:37.127+0000] {animals_api_hook.py:65} INFO - Fetched page 28: 10 animals
[2025-05-28T09:33:37.127+0000] {animals_api_hook.py:33} INFO - Fetching animals page 29
[2025-05-28T09:33:37.153+0000] {animals_api_hook.py:65} INFO - Fetched page 29: 10 animals
[2025-05-28T09:33:37.153+0000] {animals_api_hook.py:33} INFO - Fetching animals page 30
[2025-05-28T09:33:37.180+0000] {animals_api_hook.py:65} INFO - Fetched page 30: 10 animals
[2025-05-28T09:33:37.181+0000] {animals_api_hook.py:33} INFO - Fetching animals page 31
[2025-05-28T09:33:37.219+0000] {animals_api_hook.py:65} INFO - Fetched page 31: 10 animals
[2025-05-28T09:33:37.220+0000] {animals_api_hook.py:33} INFO - Fetching animals page 32
[2025-05-28T09:33:37.245+0000] {animals_api_hook.py:65} INFO - Fetched page 32: 10 animals
[2025-05-28T09:33:37.246+0000] {animals_api_hook.py:33} INFO - Fetching animals page 33
[2025-05-28T09:33:37.272+0000] {animals_api_hook.py:65} INFO - Fetched page 33: 10 animals
[2025-05-28T09:33:37.272+0000] {animals_api_hook.py:33} INFO - Fetching animals page 34
[2025-05-28T09:33:37.299+0000] {animals_api_hook.py:65} INFO - Fetched page 34: 10 animals
[2025-05-28T09:33:37.299+0000] {animals_api_hook.py:33} INFO - Fetching animals page 35
[2025-05-28T09:33:37.326+0000] {animals_api_hook.py:65} INFO - Fetched page 35: 10 animals
[2025-05-28T09:33:37.326+0000] {animals_api_hook.py:33} INFO - Fetching animals page 36
[2025-05-28T09:33:37.353+0000] {animals_api_hook.py:65} INFO - Fetched page 36: 10 animals
[2025-05-28T09:33:37.353+0000] {animals_api_hook.py:33} INFO - Fetching animals page 37
[2025-05-28T09:33:37.380+0000] {animals_api_hook.py:65} INFO - Fetched page 37: 10 animals
[2025-05-28T09:33:37.380+0000] {animals_api_hook.py:33} INFO - Fetching animals page 38
[2025-05-28T09:33:37.409+0000] {animals_api_hook.py:65} INFO - Fetched page 38: 10 animals
[2025-05-28T09:33:37.410+0000] {animals_api_hook.py:33} INFO - Fetching animals page 39
[2025-05-28T09:33:37.446+0000] {animals_api_hook.py:65} INFO - Fetched page 39: 10 animals
[2025-05-28T09:33:37.446+0000] {animals_api_hook.py:33} INFO - Fetching animals page 40
[2025-05-28T09:33:37.474+0000] {animals_api_hook.py:65} INFO - Fetched page 40: 10 animals
[2025-05-28T09:33:37.474+0000] {animals_api_hook.py:33} INFO - Fetching animals page 41
[2025-05-28T09:33:43.500+0000] {animals_api_hook.py:65} INFO - Fetched page 41: 10 animals
[2025-05-28T09:33:43.500+0000] {animals_api_hook.py:33} INFO - Fetching animals page 42
[2025-05-28T09:33:43.527+0000] {animals_api_hook.py:65} INFO - Fetched page 42: 10 animals
[2025-05-28T09:33:43.527+0000] {animals_api_hook.py:33} INFO - Fetching animals page 43
[2025-05-28T09:33:43.561+0000] {animals_api_hook.py:65} INFO - Fetched page 43: 10 animals
[2025-05-28T09:33:43.562+0000] {animals_api_hook.py:33} INFO - Fetching animals page 44
[2025-05-28T09:33:43.589+0000] {animals_api_hook.py:65} INFO - Fetched page 44: 10 animals
[2025-05-28T09:33:43.589+0000] {animals_api_hook.py:33} INFO - Fetching animals page 45
[2025-05-28T09:33:43.619+0000] {animals_api_hook.py:65} INFO - Fetched page 45: 10 animals
[2025-05-28T09:33:43.619+0000] {animals_api_hook.py:33} INFO - Fetching animals page 46
[2025-05-28T09:33:43.646+0000] {animals_api_hook.py:65} INFO - Fetched page 46: 10 animals
[2025-05-28T09:33:43.647+0000] {animals_api_hook.py:33} INFO - Fetching animals page 47
[2025-05-28T09:33:43.692+0000] {animals_api_hook.py:65} INFO - Fetched page 47: 10 animals
[2025-05-28T09:33:43.692+0000] {animals_api_hook.py:33} INFO - Fetching animals page 48
[2025-05-28T09:33:43.723+0000] {animals_api_hook.py:65} INFO - Fetched page 48: 10 animals
[2025-05-28T09:33:43.724+0000] {animals_api_hook.py:33} INFO - Fetching animals page 49
[2025-05-28T09:33:43.755+0000] {animals_api_hook.py:65} INFO - Fetched page 49: 10 animals
[2025-05-28T09:33:43.756+0000] {animals_api_hook.py:33} INFO - Fetching animals page 50
[2025-05-28T09:33:43.782+0000] {animals_api_hook.py:65} INFO - Fetched page 50: 10 animals
[2025-05-28T09:33:43.782+0000] {animals_api_hook.py:33} INFO - Fetching animals page 51
[2025-05-28T09:33:43.809+0000] {animals_api_hook.py:65} INFO - Fetched page 51: 10 animals
[2025-05-28T09:33:43.810+0000] {animals_api_hook.py:33} INFO - Fetching animals page 52
[2025-05-28T09:33:43.839+0000] {animals_api_hook.py:65} INFO - Fetched page 52: 10 animals
[2025-05-28T09:33:43.839+0000] {animals_api_hook.py:33} INFO - Fetching animals page 53
[2025-05-28T09:33:43.874+0000] {animals_api_hook.py:65} INFO - Fetched page 53: 10 animals
[2025-05-28T09:33:43.874+0000] {animals_api_hook.py:33} INFO - Fetching animals page 54
[2025-05-28T09:33:43.903+0000] {animals_api_hook.py:65} INFO - Fetched page 54: 10 animals
[2025-05-28T09:33:43.904+0000] {animals_api_hook.py:33} INFO - Fetching animals page 55
[2025-05-28T09:33:43.931+0000] {animals_api_hook.py:65} INFO - Fetched page 55: 10 animals
[2025-05-28T09:33:43.932+0000] {animals_api_hook.py:33} INFO - Fetching animals page 56
[2025-05-28T09:33:43.971+0000] {animals_api_hook.py:65} INFO - Fetched page 56: 10 animals
[2025-05-28T09:33:43.972+0000] {animals_api_hook.py:33} INFO - Fetching animals page 57
[2025-05-28T09:33:44.001+0000] {animals_api_hook.py:65} INFO - Fetched page 57: 10 animals
[2025-05-28T09:33:44.001+0000] {animals_api_hook.py:33} INFO - Fetching animals page 58
[2025-05-28T09:33:44.028+0000] {animals_api_hook.py:65} INFO - Fetched page 58: 10 animals
[2025-05-28T09:33:44.029+0000] {animals_api_hook.py:33} INFO - Fetching animals page 59
[2025-05-28T09:33:44.055+0000] {animals_api_hook.py:65} INFO - Fetched page 59: 10 animals
[2025-05-28T09:33:44.056+0000] {animals_api_hook.py:33} INFO - Fetching animals page 60
[2025-05-28T09:33:44.082+0000] {animals_api_hook.py:65} INFO - Fetched page 60: 10 animals
[2025-05-28T09:33:44.083+0000] {animals_api_hook.py:33} INFO - Fetching animals page 61
[2025-05-28T09:33:44.111+0000] {animals_api_hook.py:65} INFO - Fetched page 61: 10 animals
[2025-05-28T09:33:44.112+0000] {animals_api_hook.py:33} INFO - Fetching animals page 62
[2025-05-28T09:33:44.140+0000] {animals_api_hook.py:65} INFO - Fetched page 62: 10 animals
[2025-05-28T09:33:44.141+0000] {animals_api_hook.py:33} INFO - Fetching animals page 63
[2025-05-28T09:33:44.168+0000] {animals_api_hook.py:65} INFO - Fetched page 63: 10 animals
[2025-05-28T09:33:44.169+0000] {animals_api_hook.py:33} INFO - Fetching animals page 64
[2025-05-28T09:33:44.205+0000] {animals_api_hook.py:65} INFO - Fetched page 64: 10 animals
[2025-05-28T09:33:44.206+0000] {animals_api_hook.py:33} INFO - Fetching animals page 65
[2025-05-28T09:33:44.235+0000] {animals_api_hook.py:65} INFO - Fetched page 65: 10 animals
[2025-05-28T09:33:44.235+0000] {animals_api_hook.py:33} INFO - Fetching animals page 66
[2025-05-28T09:33:44.264+0000] {animals_api_hook.py:65} INFO - Fetched page 66: 10 animals
[2025-05-28T09:33:44.265+0000] {animals_api_hook.py:33} INFO - Fetching animals page 67
[2025-05-28T09:33:44.298+0000] {animals_api_hook.py:65} INFO - Fetched page 67: 10 animals
[2025-05-28T09:33:44.299+0000] {animals_api_hook.py:33} INFO - Fetching animals page 68
[2025-05-28T09:33:44.328+0000] {animals_api_hook.py:65} INFO - Fetched page 68: 10 animals
[2025-05-28T09:33:44.329+0000] {animals_api_hook.py:33} INFO - Fetching animals page 69
[2025-05-28T09:33:44.355+0000] {animals_api_hook.py:65} INFO - Fetched page 69: 10 animals
[2025-05-28T09:33:44.355+0000] {animals_api_hook.py:33} INFO - Fetching animals page 70
[2025-05-28T09:33:44.383+0000] {animals_api_hook.py:65} INFO - Fetched page 70: 10 animals
[2025-05-28T09:33:44.384+0000] {animals_api_hook.py:33} INFO - Fetching animals page 71
[2025-05-28T09:33:44.410+0000] {animals_api_hook.py:65} INFO - Fetched page 71: 10 animals
[2025-05-28T09:33:44.410+0000] {animals_api_hook.py:33} INFO - Fetching animals page 72
[2025-05-28T09:33:44.436+0000] {animals_api_hook.py:65} INFO - Fetched page 72: 10 animals
[2025-05-28T09:33:44.437+0000] {animals_api_hook.py:33} INFO - Fetching animals page 73
[2025-05-28T09:33:44.476+0000] {animals_api_hook.py:65} INFO - Fetched page 73: 10 animals
[2025-05-28T09:33:44.477+0000] {animals_api_hook.py:33} INFO - Fetching animals page 74
[2025-05-28T09:33:44.503+0000] {animals_api_hook.py:65} INFO - Fetched page 74: 10 animals
[2025-05-28T09:33:44.504+0000] {animals_api_hook.py:33} INFO - Fetching animals page 75
[2025-05-28T09:33:44.531+0000] {animals_api_hook.py:65} INFO - Fetched page 75: 10 animals
[2025-05-28T09:33:44.531+0000] {animals_api_hook.py:33} INFO - Fetching animals page 76
[2025-05-28T09:33:44.558+0000] {animals_api_hook.py:65} INFO - Fetched page 76: 10 animals
[2025-05-28T09:33:44.559+0000] {animals_api_hook.py:33} INFO - Fetching animals page 77
[2025-05-28T09:33:44.586+0000] {animals_api_hook.py:65} INFO - Fetched page 77: 10 animals
[2025-05-28T09:33:44.587+0000] {animals_api_hook.py:33} INFO - Fetching animals page 78
[2025-05-28T09:33:44.618+0000] {animals_api_hook.py:65} INFO - Fetched page 78: 10 animals
[2025-05-28T09:33:44.618+0000] {animals_api_hook.py:33} INFO - Fetching animals page 79
[2025-05-28T09:33:44.652+0000] {animals_api_hook.py:65} INFO - Fetched page 79: 10 animals
[2025-05-28T09:33:44.653+0000] {animals_api_hook.py:33} INFO - Fetching animals page 80
[2025-05-28T09:33:44.687+0000] {animals_api_hook.py:65} INFO - Fetched page 80: 10 animals
[2025-05-28T09:33:44.688+0000] {animals_api_hook.py:33} INFO - Fetching animals page 81
[2025-05-28T09:33:44.733+0000] {animals_api_hook.py:65} INFO - Fetched page 81: 10 animals
[2025-05-28T09:33:44.734+0000] {animals_api_hook.py:33} INFO - Fetching animals page 82
[2025-05-28T09:33:44.765+0000] {animals_api_hook.py:65} INFO - Fetched page 82: 10 animals
[2025-05-28T09:33:44.766+0000] {animals_api_hook.py:33} INFO - Fetching animals page 83
[2025-05-28T09:33:44.797+0000] {animals_api_hook.py:65} INFO - Fetched page 83: 10 animals
[2025-05-28T09:33:44.798+0000] {animals_api_hook.py:33} INFO - Fetching animals page 84
[2025-05-28T09:33:44.829+0000] {animals_api_hook.py:65} INFO - Fetched page 84: 10 animals
[2025-05-28T09:33:44.830+0000] {animals_api_hook.py:33} INFO - Fetching animals page 85
[2025-05-28T09:33:44.863+0000] {animals_api_hook.py:65} INFO - Fetched page 85: 10 animals
[2025-05-28T09:33:44.864+0000] {animals_api_hook.py:33} INFO - Fetching animals page 86
[2025-05-28T09:33:44.894+0000] {animals_api_hook.py:65} INFO - Fetched page 86: 10 animals
[2025-05-28T09:33:44.894+0000] {animals_api_hook.py:33} INFO - Fetching animals page 87
[2025-05-28T09:33:44.929+0000] {animals_api_hook.py:65} INFO - Fetched page 87: 10 animals
[2025-05-28T09:33:44.929+0000] {animals_api_hook.py:33} INFO - Fetching animals page 88
[2025-05-28T09:33:44.963+0000] {animals_api_hook.py:65} INFO - Fetched page 88: 10 animals
[2025-05-28T09:33:44.964+0000] {animals_api_hook.py:33} INFO - Fetching animals page 89
[2025-05-28T09:33:44.991+0000] {animals_api_hook.py:65} INFO - Fetched page 89: 10 animals
[2025-05-28T09:33:44.992+0000] {animals_api_hook.py:33} INFO - Fetching animals page 90
[2025-05-28T09:33:45.034+0000] {animals_api_hook.py:65} INFO - Fetched page 90: 10 animals
[2025-05-28T09:33:45.034+0000] {animals_api_hook.py:33} INFO - Fetching animals page 91
[2025-05-28T09:33:45.062+0000] {animals_api_hook.py:65} INFO - Fetched page 91: 10 animals
[2025-05-28T09:33:45.063+0000] {animals_api_hook.py:33} INFO - Fetching animals page 92
[2025-05-28T09:33:45.091+0000] {animals_api_hook.py:65} INFO - Fetched page 92: 10 animals
[2025-05-28T09:33:45.092+0000] {animals_api_hook.py:33} INFO - Fetching animals page 93
[2025-05-28T09:33:45.119+0000] {animals_api_hook.py:65} INFO - Fetched page 93: 10 animals
[2025-05-28T09:33:45.120+0000] {animals_api_hook.py:33} INFO - Fetching animals page 94
[2025-05-28T09:33:45.148+0000] {animals_api_hook.py:65} INFO - Fetched page 94: 10 animals
[2025-05-28T09:33:45.148+0000] {animals_api_hook.py:33} INFO - Fetching animals page 95
[2025-05-28T09:33:45.175+0000] {animals_api_hook.py:65} INFO - Fetched page 95: 10 animals
[2025-05-28T09:33:45.176+0000] {animals_api_hook.py:33} INFO - Fetching animals page 96
[2025-05-28T09:33:45.203+0000] {animals_api_hook.py:65} INFO - Fetched page 96: 10 animals
[2025-05-28T09:33:45.203+0000] {animals_api_hook.py:33} INFO - Fetching animals page 97
[2025-05-28T09:33:45.230+0000] {animals_api_hook.py:65} INFO - Fetched page 97: 10 animals
[2025-05-28T09:33:45.230+0000] {animals_api_hook.py:33} INFO - Fetching animals page 98
[2025-05-28T09:33:45.268+0000] {animals_api_hook.py:65} INFO - Fetched page 98: 10 animals
[2025-05-28T09:33:45.268+0000] {animals_api_hook.py:33} INFO - Fetching animals page 99
[2025-05-28T09:33:52.299+0000] {animals_api_hook.py:65} INFO - Fetched page 99: 10 animals
[2025-05-28T09:33:52.300+0000] {animals_api_hook.py:33} INFO - Fetching animals page 100
[2025-05-28T09:33:52.328+0000] {animals_api_hook.py:65} INFO - Fetched page 100: 10 animals
[2025-05-28T09:33:52.328+0000] {animals_api_hook.py:33} INFO - Fetching animals page 101
[2025-05-28T09:33:52.353+0000] {animals_api_hook.py:65} INFO - Fetched page 101: 10 animals
[2025-05-28T09:33:52.354+0000] {animals_api_hook.py:33} INFO - Fetching animals page 102
[2025-05-28T09:33:52.379+0000] {animals_api_hook.py:65} INFO - Fetched page 102: 10 animals
[2025-05-28T09:33:52.379+0000] {animals_api_hook.py:33} INFO - Fetching animals page 103
[2025-05-28T09:33:52.405+0000] {animals_api_hook.py:65} INFO - Fetched page 103: 10 animals
[2025-05-28T09:33:52.405+0000] {animals_api_hook.py:33} INFO - Fetching animals page 104
[2025-05-28T09:33:52.432+0000] {animals_api_hook.py:65} INFO - Fetched page 104: 10 animals
[2025-05-28T09:33:52.432+0000] {animals_api_hook.py:33} INFO - Fetching animals page 105
[2025-05-28T09:33:52.459+0000] {animals_api_hook.py:65} INFO - Fetched page 105: 10 animals
[2025-05-28T09:33:52.460+0000] {animals_api_hook.py:33} INFO - Fetching animals page 106
[2025-05-28T09:33:52.494+0000] {animals_api_hook.py:65} INFO - Fetched page 106: 10 animals
[2025-05-28T09:33:52.494+0000] {animals_api_hook.py:33} INFO - Fetching animals page 107
[2025-05-28T09:33:52.521+0000] {animals_api_hook.py:65} INFO - Fetched page 107: 10 animals
[2025-05-28T09:33:52.521+0000] {animals_api_hook.py:33} INFO - Fetching animals page 108
[2025-05-28T09:33:52.547+0000] {animals_api_hook.py:65} INFO - Fetched page 108: 10 animals
[2025-05-28T09:33:52.547+0000] {animals_api_hook.py:33} INFO - Fetching animals page 109
[2025-05-28T09:33:52.573+0000] {animals_api_hook.py:65} INFO - Fetched page 109: 10 animals
[2025-05-28T09:33:52.573+0000] {animals_api_hook.py:33} INFO - Fetching animals page 110
[2025-05-28T09:33:52.599+0000] {animals_api_hook.py:65} INFO - Fetched page 110: 10 animals
[2025-05-28T09:33:52.600+0000] {animals_api_hook.py:33} INFO - Fetching animals page 111
[2025-05-28T09:33:52.627+0000] {animals_api_hook.py:65} INFO - Fetched page 111: 10 animals
[2025-05-28T09:33:52.627+0000] {animals_api_hook.py:33} INFO - Fetching animals page 112
[2025-05-28T09:33:52.654+0000] {animals_api_hook.py:65} INFO - Fetched page 112: 10 animals
[2025-05-28T09:33:52.655+0000] {animals_api_hook.py:33} INFO - Fetching animals page 113
[2025-05-28T09:33:52.681+0000] {animals_api_hook.py:65} INFO - Fetched page 113: 10 animals
[2025-05-28T09:33:52.682+0000] {animals_api_hook.py:33} INFO - Fetching animals page 114
[2025-05-28T09:33:52.710+0000] {animals_api_hook.py:65} INFO - Fetched page 114: 10 animals
[2025-05-28T09:33:52.710+0000] {animals_api_hook.py:33} INFO - Fetching animals page 115
[2025-05-28T09:33:52.746+0000] {animals_api_hook.py:65} INFO - Fetched page 115: 10 animals
[2025-05-28T09:33:52.746+0000] {animals_api_hook.py:33} INFO - Fetching animals page 116
[2025-05-28T09:33:52.773+0000] {animals_api_hook.py:65} INFO - Fetched page 116: 10 animals
[2025-05-28T09:33:52.774+0000] {animals_api_hook.py:33} INFO - Fetching animals page 117
[2025-05-28T09:33:52.800+0000] {animals_api_hook.py:65} INFO - Fetched page 117: 10 animals
[2025-05-28T09:33:52.801+0000] {animals_api_hook.py:33} INFO - Fetching animals page 118
[2025-05-28T09:33:52.827+0000] {animals_api_hook.py:65} INFO - Fetched page 118: 10 animals
[2025-05-28T09:33:52.828+0000] {animals_api_hook.py:33} INFO - Fetching animals page 119
[2025-05-28T09:33:57.857+0000] {animals_api_hook.py:65} INFO - Fetched page 119: 10 animals
[2025-05-28T09:33:57.857+0000] {animals_api_hook.py:33} INFO - Fetching animals page 120
[2025-05-28T09:33:57.886+0000] {animals_api_hook.py:65} INFO - Fetched page 120: 10 animals
[2025-05-28T09:33:57.886+0000] {animals_api_hook.py:33} INFO - Fetching animals page 121
[2025-05-28T09:33:57.911+0000] {animals_api_hook.py:65} INFO - Fetched page 121: 10 animals
[2025-05-28T09:33:57.912+0000] {animals_api_hook.py:33} INFO - Fetching animals page 122
[2025-05-28T09:33:57.937+0000] {animals_api_hook.py:65} INFO - Fetched page 122: 10 animals
[2025-05-28T09:33:57.938+0000] {animals_api_hook.py:33} INFO - Fetching animals page 123
[2025-05-28T09:33:58.974+0000] {animals_api_hook.py:33} INFO - Fetching animals page 123
[2025-05-28T09:33:59.004+0000] {animals_api_hook.py:65} INFO - Fetched page 123: 10 animals
[2025-05-28T09:33:59.005+0000] {animals_api_hook.py:33} INFO - Fetching animals page 124
[2025-05-28T09:33:59.030+0000] {animals_api_hook.py:65} INFO - Fetched page 124: 10 animals
[2025-05-28T09:33:59.031+0000] {animals_api_hook.py:33} INFO - Fetching animals page 125
[2025-05-28T09:33:59.056+0000] {animals_api_hook.py:65} INFO - Fetched page 125: 10 animals
[2025-05-28T09:33:59.057+0000] {animals_api_hook.py:33} INFO - Fetching animals page 126
[2025-05-28T09:33:59.083+0000] {animals_api_hook.py:65} INFO - Fetched page 126: 10 animals
[2025-05-28T09:33:59.083+0000] {animals_api_hook.py:33} INFO - Fetching animals page 127
[2025-05-28T09:33:59.110+0000] {animals_api_hook.py:65} INFO - Fetched page 127: 10 animals
[2025-05-28T09:33:59.111+0000] {animals_api_hook.py:33} INFO - Fetching animals page 128
[2025-05-28T09:33:59.136+0000] {animals_api_hook.py:65} INFO - Fetched page 128: 10 animals
[2025-05-28T09:33:59.136+0000] {animals_api_hook.py:33} INFO - Fetching animals page 129
[2025-05-28T09:33:59.162+0000] {animals_api_hook.py:65} INFO - Fetched page 129: 10 animals
[2025-05-28T09:33:59.163+0000] {animals_api_hook.py:33} INFO - Fetching animals page 130
[2025-05-28T09:33:59.188+0000] {animals_api_hook.py:65} INFO - Fetched page 130: 10 animals
[2025-05-28T09:33:59.189+0000] {animals_api_hook.py:33} INFO - Fetching animals page 131
[2025-05-28T09:33:59.225+0000] {animals_api_hook.py:65} INFO - Fetched page 131: 10 animals
[2025-05-28T09:33:59.225+0000] {animals_api_hook.py:33} INFO - Fetching animals page 132
[2025-05-28T09:33:59.252+0000] {animals_api_hook.py:65} INFO - Fetched page 132: 10 animals
[2025-05-28T09:33:59.252+0000] {animals_api_hook.py:33} INFO - Fetching animals page 133
[2025-05-28T09:33:59.278+0000] {animals_api_hook.py:65} INFO - Fetched page 133: 10 animals
[2025-05-28T09:33:59.279+0000] {animals_api_hook.py:33} INFO - Fetching animals page 134
[2025-05-28T09:33:59.305+0000] {animals_api_hook.py:65} INFO - Fetched page 134: 10 animals
[2025-05-28T09:33:59.305+0000] {animals_api_hook.py:33} INFO - Fetching animals page 135
[2025-05-28T09:33:59.331+0000] {animals_api_hook.py:65} INFO - Fetched page 135: 10 animals
[2025-05-28T09:33:59.331+0000] {animals_api_hook.py:33} INFO - Fetching animals page 136
[2025-05-28T09:33:59.357+0000] {animals_api_hook.py:65} INFO - Fetched page 136: 10 animals
[2025-05-28T09:33:59.357+0000] {animals_api_hook.py:33} INFO - Fetching animals page 137
[2025-05-28T09:33:59.383+0000] {animals_api_hook.py:65} INFO - Fetched page 137: 10 animals
[2025-05-28T09:33:59.383+0000] {animals_api_hook.py:33} INFO - Fetching animals page 138
[2025-05-28T09:33:59.409+0000] {animals_api_hook.py:65} INFO - Fetched page 138: 10 animals
[2025-05-28T09:33:59.410+0000] {animals_api_hook.py:33} INFO - Fetching animals page 139
[2025-05-28T09:33:59.442+0000] {animals_api_hook.py:65} INFO - Fetched page 139: 10 animals
[2025-05-28T09:33:59.443+0000] {animals_api_hook.py:33} INFO - Fetching animals page 140
[2025-05-28T09:33:59.469+0000] {animals_api_hook.py:65} INFO - Fetched page 140: 10 animals
[2025-05-28T09:33:59.469+0000] {animals_api_hook.py:33} INFO - Fetching animals page 141
[2025-05-28T09:33:59.494+0000] {animals_api_hook.py:65} INFO - Fetched page 141: 10 animals
[2025-05-28T09:33:59.495+0000] {animals_api_hook.py:33} INFO - Fetching animals page 142
[2025-05-28T09:33:59.521+0000] {animals_api_hook.py:65} INFO - Fetched page 142: 10 animals
[2025-05-28T09:33:59.522+0000] {animals_api_hook.py:33} INFO - Fetching animals page 143
[2025-05-28T09:33:59.546+0000] {animals_api_hook.py:65} INFO - Fetched page 143: 10 animals
[2025-05-28T09:33:59.547+0000] {animals_api_hook.py:33} INFO - Fetching animals page 144
[2025-05-28T09:33:59.573+0000] {animals_api_hook.py:65} INFO - Fetched page 144: 10 animals
[2025-05-28T09:33:59.573+0000] {animals_api_hook.py:33} INFO - Fetching animals page 145
[2025-05-28T09:33:59.599+0000] {animals_api_hook.py:65} INFO - Fetched page 145: 10 animals
[2025-05-28T09:33:59.600+0000] {animals_api_hook.py:33} INFO - Fetching animals page 146
[2025-05-28T09:33:59.625+0000] {animals_api_hook.py:65} INFO - Fetched page 146: 10 animals
[2025-05-28T09:33:59.626+0000] {animals_api_hook.py:33} INFO - Fetching animals page 147
[2025-05-28T09:33:59.659+0000] {animals_api_hook.py:65} INFO - Fetched page 147: 10 animals
[2025-05-28T09:33:59.660+0000] {animals_api_hook.py:33} INFO - Fetching animals page 148
[2025-05-28T09:33:59.686+0000] {animals_api_hook.py:65} INFO - Fetched page 148: 10 animals
[2025-05-28T09:33:59.687+0000] {animals_api_hook.py:33} INFO - Fetching animals page 149
[2025-05-28T09:33:59.712+0000] {animals_api_hook.py:65} INFO - Fetched page 149: 10 animals
[2025-05-28T09:33:59.713+0000] {animals_api_hook.py:33} INFO - Fetching animals page 150
[2025-05-28T09:33:59.738+0000] {animals_api_hook.py:65} INFO - Fetched page 150: 10 animals
[2025-05-28T09:33:59.739+0000] {animals_api_hook.py:33} INFO - Fetching animals page 151
[2025-05-28T09:33:59.764+0000] {animals_api_hook.py:65} INFO - Fetched page 151: 10 animals
[2025-05-28T09:33:59.764+0000] {animals_api_hook.py:33} INFO - Fetching animals page 152
[2025-05-28T09:33:59.790+0000] {animals_api_hook.py:65} INFO - Fetched page 152: 10 animals
[2025-05-28T09:33:59.790+0000] {animals_api_hook.py:33} INFO - Fetching animals page 153
[2025-05-28T09:33:59.815+0000] {animals_api_hook.py:65} INFO - Fetched page 153: 10 animals
[2025-05-28T09:33:59.816+0000] {animals_api_hook.py:33} INFO - Fetching animals page 154
[2025-05-28T09:33:59.841+0000] {animals_api_hook.py:65} INFO - Fetched page 154: 10 animals
[2025-05-28T09:33:59.841+0000] {animals_api_hook.py:33} INFO - Fetching animals page 155
[2025-05-28T09:33:59.867+0000] {animals_api_hook.py:65} INFO - Fetched page 155: 10 animals
[2025-05-28T09:33:59.868+0000] {animals_api_hook.py:33} INFO - Fetching animals page 156
[2025-05-28T09:33:59.904+0000] {animals_api_hook.py:65} INFO - Fetched page 156: 10 animals
[2025-05-28T09:33:59.904+0000] {animals_api_hook.py:33} INFO - Fetching animals page 157
[2025-05-28T09:33:59.930+0000] {animals_api_hook.py:65} INFO - Fetched page 157: 10 animals
[2025-05-28T09:33:59.931+0000] {animals_api_hook.py:33} INFO - Fetching animals page 158
[2025-05-28T09:33:59.956+0000] {animals_api_hook.py:65} INFO - Fetched page 158: 10 animals
[2025-05-28T09:33:59.957+0000] {animals_api_hook.py:33} INFO - Fetching animals page 159
[2025-05-28T09:33:59.982+0000] {animals_api_hook.py:65} INFO - Fetched page 159: 10 animals
[2025-05-28T09:33:59.983+0000] {animals_api_hook.py:33} INFO - Fetching animals page 160
[2025-05-28T09:34:00.008+0000] {animals_api_hook.py:65} INFO - Fetched page 160: 10 animals
[2025-05-28T09:34:00.009+0000] {animals_api_hook.py:33} INFO - Fetching animals page 161
[2025-05-28T09:34:00.036+0000] {animals_api_hook.py:65} INFO - Fetched page 161: 10 animals
[2025-05-28T09:34:00.036+0000] {animals_api_hook.py:33} INFO - Fetching animals page 162
[2025-05-28T09:34:00.062+0000] {animals_api_hook.py:65} INFO - Fetched page 162: 10 animals
[2025-05-28T09:34:00.062+0000] {animals_api_hook.py:33} INFO - Fetching animals page 163
[2025-05-28T09:34:00.088+0000] {animals_api_hook.py:65} INFO - Fetched page 163: 10 animals
[2025-05-28T09:34:00.088+0000] {animals_api_hook.py:33} INFO - Fetching animals page 164
[2025-05-28T09:34:00.122+0000] {animals_api_hook.py:65} INFO - Fetched page 164: 10 animals
[2025-05-28T09:34:00.123+0000] {animals_api_hook.py:33} INFO - Fetching animals page 165
[2025-05-28T09:34:00.148+0000] {animals_api_hook.py:65} INFO - Fetched page 165: 10 animals
[2025-05-28T09:34:00.149+0000] {animals_api_hook.py:33} INFO - Fetching animals page 166
[2025-05-28T09:34:00.178+0000] {animals_api_hook.py:65} INFO - Fetched page 166: 10 animals
[2025-05-28T09:34:00.179+0000] {animals_api_hook.py:33} INFO - Fetching animals page 167
[2025-05-28T09:34:00.207+0000] {animals_api_hook.py:65} INFO - Fetched page 167: 10 animals
[2025-05-28T09:34:00.207+0000] {animals_api_hook.py:33} INFO - Fetching animals page 168
[2025-05-28T09:34:00.233+0000] {animals_api_hook.py:65} INFO - Fetched page 168: 10 animals
[2025-05-28T09:34:00.234+0000] {animals_api_hook.py:33} INFO - Fetching animals page 169
[2025-05-28T09:34:00.259+0000] {animals_api_hook.py:65} INFO - Fetched page 169: 10 animals
[2025-05-28T09:34:00.259+0000] {animals_api_hook.py:33} INFO - Fetching animals page 170
[2025-05-28T09:34:00.285+0000] {animals_api_hook.py:65} INFO - Fetched page 170: 10 animals
[2025-05-28T09:34:00.286+0000] {animals_api_hook.py:33} INFO - Fetching animals page 171
[2025-05-28T09:34:00.312+0000] {animals_api_hook.py:65} INFO - Fetched page 171: 10 animals
[2025-05-28T09:34:00.313+0000] {animals_api_hook.py:33} INFO - Fetching animals page 172
[2025-05-28T09:34:00.339+0000] {animals_api_hook.py:65} INFO - Fetched page 172: 10 animals
[2025-05-28T09:34:00.339+0000] {animals_api_hook.py:33} INFO - Fetching animals page 173
[2025-05-28T09:34:00.376+0000] {animals_api_hook.py:65} INFO - Fetched page 173: 10 animals
[2025-05-28T09:34:00.376+0000] {animals_api_hook.py:33} INFO - Fetching animals page 174
[2025-05-28T09:34:00.403+0000] {animals_api_hook.py:65} INFO - Fetched page 174: 10 animals
[2025-05-28T09:34:00.403+0000] {animals_api_hook.py:33} INFO - Fetching animals page 175
[2025-05-28T09:34:00.429+0000] {animals_api_hook.py:65} INFO - Fetched page 175: 10 animals
[2025-05-28T09:34:00.429+0000] {animals_api_hook.py:33} INFO - Fetching animals page 176
[2025-05-28T09:34:00.455+0000] {animals_api_hook.py:65} INFO - Fetched page 176: 10 animals
[2025-05-28T09:34:00.455+0000] {animals_api_hook.py:33} INFO - Fetching animals page 177
[2025-05-28T09:34:00.482+0000] {animals_api_hook.py:65} INFO - Fetched page 177: 10 animals
[2025-05-28T09:34:00.482+0000] {animals_api_hook.py:33} INFO - Fetching animals page 178
[2025-05-28T09:34:00.508+0000] {animals_api_hook.py:65} INFO - Fetched page 178: 10 animals
[2025-05-28T09:34:00.508+0000] {animals_api_hook.py:33} INFO - Fetching animals page 179
[2025-05-28T09:34:00.534+0000] {animals_api_hook.py:65} INFO - Fetched page 179: 10 animals
[2025-05-28T09:34:00.534+0000] {animals_api_hook.py:33} INFO - Fetching animals page 180
[2025-05-28T09:34:00.562+0000] {animals_api_hook.py:65} INFO - Fetched page 180: 10 animals
[2025-05-28T09:34:00.563+0000] {animals_api_hook.py:33} INFO - Fetching animals page 181
[2025-05-28T09:34:00.598+0000] {animals_api_hook.py:65} INFO - Fetched page 181: 10 animals
[2025-05-28T09:34:00.598+0000] {animals_api_hook.py:33} INFO - Fetching animals page 182
[2025-05-28T09:34:00.624+0000] {animals_api_hook.py:65} INFO - Fetched page 182: 10 animals
[2025-05-28T09:34:00.624+0000] {animals_api_hook.py:33} INFO - Fetching animals page 183
[2025-05-28T09:34:00.650+0000] {animals_api_hook.py:65} INFO - Fetched page 183: 10 animals
[2025-05-28T09:34:00.650+0000] {animals_api_hook.py:33} INFO - Fetching animals page 184
[2025-05-28T09:34:00.676+0000] {animals_api_hook.py:65} INFO - Fetched page 184: 10 animals
[2025-05-28T09:34:00.676+0000] {animals_api_hook.py:33} INFO - Fetching animals page 185
[2025-05-28T09:34:00.702+0000] {animals_api_hook.py:65} INFO - Fetched page 185: 10 animals
[2025-05-28T09:34:00.702+0000] {animals_api_hook.py:33} INFO - Fetching animals page 186
[2025-05-28T09:34:00.728+0000] {animals_api_hook.py:65} INFO - Fetched page 186: 10 animals
[2025-05-28T09:34:00.729+0000] {animals_api_hook.py:33} INFO - Fetching animals page 187
[2025-05-28T09:34:00.754+0000] {animals_api_hook.py:65} INFO - Fetched page 187: 10 animals
[2025-05-28T09:34:00.755+0000] {animals_api_hook.py:33} INFO - Fetching animals page 188
[2025-05-28T09:34:00.780+0000] {animals_api_hook.py:65} INFO - Fetched page 188: 10 animals
[2025-05-28T09:34:00.780+0000] {animals_api_hook.py:33} INFO - Fetching animals page 189
[2025-05-28T09:34:00.805+0000] {animals_api_hook.py:65} INFO - Fetched page 189: 10 animals
[2025-05-28T09:34:00.806+0000] {animals_api_hook.py:33} INFO - Fetching animals page 190
[2025-05-28T09:34:00.842+0000] {animals_api_hook.py:65} INFO - Fetched page 190: 10 animals
[2025-05-28T09:34:00.843+0000] {animals_api_hook.py:33} INFO - Fetching animals page 191
[2025-05-28T09:34:00.869+0000] {animals_api_hook.py:65} INFO - Fetched page 191: 10 animals
[2025-05-28T09:34:00.869+0000] {animals_api_hook.py:33} INFO - Fetching animals page 192
[2025-05-28T09:34:00.896+0000] {animals_api_hook.py:65} INFO - Fetched page 192: 10 animals
[2025-05-28T09:34:00.896+0000] {animals_api_hook.py:33} INFO - Fetching animals page 193
[2025-05-28T09:34:00.922+0000] {animals_api_hook.py:65} INFO - Fetched page 193: 10 animals
[2025-05-28T09:34:00.923+0000] {animals_api_hook.py:33} INFO - Fetching animals page 194
[2025-05-28T09:34:00.948+0000] {animals_api_hook.py:65} INFO - Fetched page 194: 10 animals
[2025-05-28T09:34:00.949+0000] {animals_api_hook.py:33} INFO - Fetching animals page 195
[2025-05-28T09:34:00.975+0000] {animals_api_hook.py:65} INFO - Fetched page 195: 10 animals
[2025-05-28T09:34:00.976+0000] {animals_api_hook.py:33} INFO - Fetching animals page 196
[2025-05-28T09:34:01.003+0000] {animals_api_hook.py:65} INFO - Fetched page 196: 10 animals
[2025-05-28T09:34:01.004+0000] {animals_api_hook.py:33} INFO - Fetching animals page 197
[2025-05-28T09:34:01.030+0000] {animals_api_hook.py:65} INFO - Fetched page 197: 10 animals
[2025-05-28T09:34:01.030+0000] {animals_api_hook.py:33} INFO - Fetching animals page 198
[2025-05-28T09:34:01.063+0000] {animals_api_hook.py:65} INFO - Fetched page 198: 10 animals
[2025-05-28T09:34:01.064+0000] {animals_api_hook.py:33} INFO - Fetching animals page 199
[2025-05-28T09:34:01.089+0000] {animals_api_hook.py:65} INFO - Fetched page 199: 10 animals
[2025-05-28T09:34:01.090+0000] {animals_api_hook.py:33} INFO - Fetching animals page 200
[2025-05-28T09:34:01.115+0000] {animals_api_hook.py:65} INFO - Fetched page 200: 10 animals
[2025-05-28T09:34:01.115+0000] {animals_api_hook.py:33} INFO - Fetching animals page 201
[2025-05-28T09:34:01.141+0000] {animals_api_hook.py:65} INFO - Fetched page 201: 10 animals
[2025-05-28T09:34:01.142+0000] {animals_api_hook.py:33} INFO - Fetching animals page 202
[2025-05-28T09:34:01.167+0000] {animals_api_hook.py:65} INFO - Fetched page 202: 10 animals
[2025-05-28T09:34:01.168+0000] {animals_api_hook.py:33} INFO - Fetching animals page 203
[2025-05-28T09:34:01.193+0000] {animals_api_hook.py:65} INFO - Fetched page 203: 10 animals
[2025-05-28T09:34:01.194+0000] {animals_api_hook.py:33} INFO - Fetching animals page 204
[2025-05-28T09:34:01.219+0000] {animals_api_hook.py:65} INFO - Fetched page 204: 10 animals
[2025-05-28T09:34:01.220+0000] {animals_api_hook.py:33} INFO - Fetching animals page 205
[2025-05-28T09:34:01.246+0000] {animals_api_hook.py:65} INFO - Fetched page 205: 10 animals
[2025-05-28T09:34:01.247+0000] {animals_api_hook.py:33} INFO - Fetching animals page 206
[2025-05-28T09:34:01.280+0000] {animals_api_hook.py:65} INFO - Fetched page 206: 10 animals
[2025-05-28T09:34:01.281+0000] {animals_api_hook.py:33} INFO - Fetching animals page 207
[2025-05-28T09:34:01.307+0000] {animals_api_hook.py:65} INFO - Fetched page 207: 10 animals
[2025-05-28T09:34:01.308+0000] {animals_api_hook.py:33} INFO - Fetching animals page 208
[2025-05-28T09:34:01.333+0000] {animals_api_hook.py:65} INFO - Fetched page 208: 10 animals
[2025-05-28T09:34:01.334+0000] {animals_api_hook.py:33} INFO - Fetching animals page 209
[2025-05-28T09:34:01.359+0000] {animals_api_hook.py:65} INFO - Fetched page 209: 10 animals
[2025-05-28T09:34:01.360+0000] {animals_api_hook.py:33} INFO - Fetching animals page 210
[2025-05-28T09:34:01.386+0000] {animals_api_hook.py:65} INFO - Fetched page 210: 10 animals
[2025-05-28T09:34:01.386+0000] {animals_api_hook.py:33} INFO - Fetching animals page 211
[2025-05-28T09:34:01.412+0000] {animals_api_hook.py:65} INFO - Fetched page 211: 10 animals
[2025-05-28T09:34:01.413+0000] {animals_api_hook.py:33} INFO - Fetching animals page 212
[2025-05-28T09:34:01.439+0000] {animals_api_hook.py:65} INFO - Fetched page 212: 10 animals
[2025-05-28T09:34:01.440+0000] {animals_api_hook.py:33} INFO - Fetching animals page 213
[2025-05-28T09:34:01.465+0000] {animals_api_hook.py:65} INFO - Fetched page 213: 10 animals
[2025-05-28T09:34:01.466+0000] {animals_api_hook.py:33} INFO - Fetching animals page 214
[2025-05-28T09:34:01.491+0000] {animals_api_hook.py:65} INFO - Fetched page 214: 10 animals
[2025-05-28T09:34:01.491+0000] {animals_api_hook.py:33} INFO - Fetching animals page 215
[2025-05-28T09:34:01.527+0000] {animals_api_hook.py:65} INFO - Fetched page 215: 10 animals
[2025-05-28T09:34:01.527+0000] {animals_api_hook.py:33} INFO - Fetching animals page 216
[2025-05-28T09:34:01.553+0000] {animals_api_hook.py:65} INFO - Fetched page 216: 10 animals
[2025-05-28T09:34:01.554+0000] {animals_api_hook.py:33} INFO - Fetching animals page 217
[2025-05-28T09:34:01.580+0000] {animals_api_hook.py:65} INFO - Fetched page 217: 10 animals
[2025-05-28T09:34:01.580+0000] {animals_api_hook.py:33} INFO - Fetching animals page 218
[2025-05-28T09:34:01.606+0000] {animals_api_hook.py:65} INFO - Fetched page 218: 10 animals
[2025-05-28T09:34:01.607+0000] {animals_api_hook.py:33} INFO - Fetching animals page 219
[2025-05-28T09:34:01.633+0000] {animals_api_hook.py:65} INFO - Fetched page 219: 10 animals
[2025-05-28T09:34:01.633+0000] {animals_api_hook.py:33} INFO - Fetching animals page 220
[2025-05-28T09:34:01.659+0000] {animals_api_hook.py:65} INFO - Fetched page 220: 10 animals
[2025-05-28T09:34:01.659+0000] {animals_api_hook.py:33} INFO - Fetching animals page 221
[2025-05-28T09:34:01.685+0000] {animals_api_hook.py:65} INFO - Fetched page 221: 10 animals
[2025-05-28T09:34:01.685+0000] {animals_api_hook.py:33} INFO - Fetching animals page 222
[2025-05-28T09:34:01.711+0000] {animals_api_hook.py:65} INFO - Fetched page 222: 10 animals
[2025-05-28T09:34:01.712+0000] {animals_api_hook.py:33} INFO - Fetching animals page 223
[2025-05-28T09:34:01.750+0000] {animals_api_hook.py:65} INFO - Fetched page 223: 10 animals
[2025-05-28T09:34:01.751+0000] {animals_api_hook.py:33} INFO - Fetching animals page 224
[2025-05-28T09:34:01.777+0000] {animals_api_hook.py:65} INFO - Fetched page 224: 10 animals
[2025-05-28T09:34:01.777+0000] {animals_api_hook.py:33} INFO - Fetching animals page 225
[2025-05-28T09:34:01.803+0000] {animals_api_hook.py:65} INFO - Fetched page 225: 10 animals
[2025-05-28T09:34:01.804+0000] {animals_api_hook.py:33} INFO - Fetching animals page 226
[2025-05-28T09:34:01.830+0000] {animals_api_hook.py:65} INFO - Fetched page 226: 10 animals
[2025-05-28T09:34:01.831+0000] {animals_api_hook.py:33} INFO - Fetching animals page 227
[2025-05-28T09:34:01.856+0000] {animals_api_hook.py:65} INFO - Fetched page 227: 10 animals
[2025-05-28T09:34:01.857+0000] {animals_api_hook.py:33} INFO - Fetching animals page 228
[2025-05-28T09:34:01.882+0000] {animals_api_hook.py:65} INFO - Fetched page 228: 10 animals
[2025-05-28T09:34:01.883+0000] {animals_api_hook.py:33} INFO - Fetching animals page 229
[2025-05-28T09:34:01.908+0000] {animals_api_hook.py:65} INFO - Fetched page 229: 10 animals
[2025-05-28T09:34:01.909+0000] {animals_api_hook.py:33} INFO - Fetching animals page 230
[2025-05-28T09:34:01.934+0000] {animals_api_hook.py:65} INFO - Fetched page 230: 10 animals
[2025-05-28T09:34:01.934+0000] {animals_api_hook.py:33} INFO - Fetching animals page 231
[2025-05-28T09:34:01.961+0000] {animals_api_hook.py:65} INFO - Fetched page 231: 10 animals
[2025-05-28T09:34:01.962+0000] {animals_api_hook.py:33} INFO - Fetching animals page 232
[2025-05-28T09:34:01.997+0000] {animals_api_hook.py:65} INFO - Fetched page 232: 10 animals
[2025-05-28T09:34:01.997+0000] {animals_api_hook.py:33} INFO - Fetching animals page 233
[2025-05-28T09:34:02.022+0000] {animals_api_hook.py:65} INFO - Fetched page 233: 10 animals
[2025-05-28T09:34:02.023+0000] {animals_api_hook.py:33} INFO - Fetching animals page 234
[2025-05-28T09:34:02.049+0000] {animals_api_hook.py:65} INFO - Fetched page 234: 10 animals
[2025-05-28T09:34:02.049+0000] {animals_api_hook.py:33} INFO - Fetching animals page 235
[2025-05-28T09:34:02.074+0000] {animals_api_hook.py:65} INFO - Fetched page 235: 10 animals
[2025-05-28T09:34:02.075+0000] {animals_api_hook.py:33} INFO - Fetching animals page 236
[2025-05-28T09:34:02.101+0000] {animals_api_hook.py:65} INFO - Fetched page 236: 10 animals
[2025-05-28T09:34:02.101+0000] {animals_api_hook.py:33} INFO - Fetching animals page 237
[2025-05-28T09:34:02.127+0000] {animals_api_hook.py:65} INFO - Fetched page 237: 10 animals
[2025-05-28T09:34:02.127+0000] {animals_api_hook.py:33} INFO - Fetching animals page 238
[2025-05-28T09:34:02.153+0000] {animals_api_hook.py:65} INFO - Fetched page 238: 10 animals
[2025-05-28T09:34:02.153+0000] {animals_api_hook.py:33} INFO - Fetching animals page 239
[2025-05-28T09:34:02.179+0000] {animals_api_hook.py:65} INFO - Fetched page 239: 10 animals
[2025-05-28T09:34:02.179+0000] {animals_api_hook.py:33} INFO - Fetching animals page 240
[2025-05-28T09:34:02.213+0000] {animals_api_hook.py:65} INFO - Fetched page 240: 10 animals
[2025-05-28T09:34:02.214+0000] {animals_api_hook.py:33} INFO - Fetching animals page 241
[2025-05-28T09:34:02.240+0000] {animals_api_hook.py:65} INFO - Fetched page 241: 10 animals
[2025-05-28T09:34:02.240+0000] {animals_api_hook.py:33} INFO - Fetching animals page 242
[2025-05-28T09:34:02.266+0000] {animals_api_hook.py:65} INFO - Fetched page 242: 10 animals
[2025-05-28T09:34:02.266+0000] {animals_api_hook.py:33} INFO - Fetching animals page 243
[2025-05-28T09:34:02.291+0000] {animals_api_hook.py:65} INFO - Fetched page 243: 10 animals
[2025-05-28T09:34:02.292+0000] {animals_api_hook.py:33} INFO - Fetching animals page 244
[2025-05-28T09:34:02.318+0000] {animals_api_hook.py:65} INFO - Fetched page 244: 10 animals
[2025-05-28T09:34:02.318+0000] {animals_api_hook.py:33} INFO - Fetching animals page 245
[2025-05-28T09:34:02.343+0000] {animals_api_hook.py:65} INFO - Fetched page 245: 10 animals
[2025-05-28T09:34:02.344+0000] {animals_api_hook.py:33} INFO - Fetching animals page 246
[2025-05-28T09:34:02.369+0000] {animals_api_hook.py:65} INFO - Fetched page 246: 10 animals
[2025-05-28T09:34:02.370+0000] {animals_api_hook.py:33} INFO - Fetching animals page 247
[2025-05-28T09:34:02.395+0000] {animals_api_hook.py:65} INFO - Fetched page 247: 10 animals
[2025-05-28T09:34:02.395+0000] {animals_api_hook.py:33} INFO - Fetching animals page 248
[2025-05-28T09:34:02.441+0000] {animals_api_hook.py:65} INFO - Fetched page 248: 10 animals
[2025-05-28T09:34:02.442+0000] {animals_api_hook.py:33} INFO - Fetching animals page 249
[2025-05-28T09:34:02.469+0000] {animals_api_hook.py:65} INFO - Fetched page 249: 10 animals
[2025-05-28T09:34:02.469+0000] {animals_api_hook.py:33} INFO - Fetching animals page 250
[2025-05-28T09:34:02.495+0000] {animals_api_hook.py:65} INFO - Fetched page 250: 10 animals
[2025-05-28T09:34:02.496+0000] {animals_api_hook.py:33} INFO - Fetching animals page 251
[2025-05-28T09:34:02.521+0000] {animals_api_hook.py:65} INFO - Fetched page 251: 10 animals
[2025-05-28T09:34:02.522+0000] {animals_api_hook.py:33} INFO - Fetching animals page 252
[2025-05-28T09:34:02.547+0000] {animals_api_hook.py:65} INFO - Fetched page 252: 10 animals
[2025-05-28T09:34:02.547+0000] {animals_api_hook.py:33} INFO - Fetching animals page 253
[2025-05-28T09:34:02.573+0000] {animals_api_hook.py:65} INFO - Fetched page 253: 10 animals
[2025-05-28T09:34:02.573+0000] {animals_api_hook.py:33} INFO - Fetching animals page 254
[2025-05-28T09:34:02.599+0000] {animals_api_hook.py:65} INFO - Fetched page 254: 10 animals
[2025-05-28T09:34:02.599+0000] {animals_api_hook.py:33} INFO - Fetching animals page 255
[2025-05-28T09:34:02.625+0000] {animals_api_hook.py:65} INFO - Fetched page 255: 10 animals
[2025-05-28T09:34:02.625+0000] {animals_api_hook.py:33} INFO - Fetching animals page 256
[2025-05-28T09:34:02.651+0000] {animals_api_hook.py:65} INFO - Fetched page 256: 10 animals
[2025-05-28T09:34:02.652+0000] {animals_api_hook.py:33} INFO - Fetching animals page 257
[2025-05-28T09:34:02.685+0000] {animals_api_hook.py:65} INFO - Fetched page 257: 10 animals
[2025-05-28T09:34:02.686+0000] {animals_api_hook.py:33} INFO - Fetching animals page 258
[2025-05-28T09:34:02.712+0000] {animals_api_hook.py:65} INFO - Fetched page 258: 10 animals
[2025-05-28T09:34:02.713+0000] {animals_api_hook.py:33} INFO - Fetching animals page 259
[2025-05-28T09:34:02.738+0000] {animals_api_hook.py:65} INFO - Fetched page 259: 10 animals
[2025-05-28T09:34:02.739+0000] {animals_api_hook.py:33} INFO - Fetching animals page 260
[2025-05-28T09:34:02.764+0000] {animals_api_hook.py:65} INFO - Fetched page 260: 10 animals
[2025-05-28T09:34:02.765+0000] {animals_api_hook.py:33} INFO - Fetching animals page 261
[2025-05-28T09:34:02.791+0000] {animals_api_hook.py:65} INFO - Fetched page 261: 10 animals
[2025-05-28T09:34:02.791+0000] {animals_api_hook.py:33} INFO - Fetching animals page 262
[2025-05-28T09:34:02.816+0000] {animals_api_hook.py:65} INFO - Fetched page 262: 10 animals
[2025-05-28T09:34:02.817+0000] {animals_api_hook.py:33} INFO - Fetching animals page 263
[2025-05-28T09:34:02.842+0000] {animals_api_hook.py:65} INFO - Fetched page 263: 10 animals
[2025-05-28T09:34:02.843+0000] {animals_api_hook.py:33} INFO - Fetching animals page 264
[2025-05-28T09:34:02.868+0000] {animals_api_hook.py:65} INFO - Fetched page 264: 10 animals
[2025-05-28T09:34:02.869+0000] {animals_api_hook.py:33} INFO - Fetching animals page 265
[2025-05-28T09:34:02.902+0000] {animals_api_hook.py:65} INFO - Fetched page 265: 10 animals
[2025-05-28T09:34:02.902+0000] {animals_api_hook.py:33} INFO - Fetching animals page 266
[2025-05-28T09:34:02.928+0000] {animals_api_hook.py:65} INFO - Fetched page 266: 10 animals
[2025-05-28T09:34:02.929+0000] {animals_api_hook.py:33} INFO - Fetching animals page 267
[2025-05-28T09:34:02.954+0000] {animals_api_hook.py:65} INFO - Fetched page 267: 10 animals
[2025-05-28T09:34:02.954+0000] {animals_api_hook.py:33} INFO - Fetching animals page 268
[2025-05-28T09:34:02.980+0000] {animals_api_hook.py:65} INFO - Fetched page 268: 10 animals
[2025-05-28T09:34:02.981+0000] {animals_api_hook.py:33} INFO - Fetching animals page 269
[2025-05-28T09:34:03.006+0000] {animals_api_hook.py:65} INFO - Fetched page 269: 10 animals
[2025-05-28T09:34:03.007+0000] {animals_api_hook.py:33} INFO - Fetching animals page 270
[2025-05-28T09:34:03.032+0000] {animals_api_hook.py:65} INFO - Fetched page 270: 10 animals
[2025-05-28T09:34:03.032+0000] {animals_api_hook.py:33} INFO - Fetching animals page 271
[2025-05-28T09:34:03.058+0000] {animals_api_hook.py:65} INFO - Fetched page 271: 10 animals
[2025-05-28T09:34:03.059+0000] {animals_api_hook.py:33} INFO - Fetching animals page 272
[2025-05-28T09:34:03.085+0000] {animals_api_hook.py:65} INFO - Fetched page 272: 10 animals
[2025-05-28T09:34:03.086+0000] {animals_api_hook.py:33} INFO - Fetching animals page 273
[2025-05-28T09:34:03.112+0000] {animals_api_hook.py:65} INFO - Fetched page 273: 10 animals
[2025-05-28T09:34:03.113+0000] {animals_api_hook.py:33} INFO - Fetching animals page 274
[2025-05-28T09:34:03.147+0000] {animals_api_hook.py:65} INFO - Fetched page 274: 10 animals
[2025-05-28T09:34:03.147+0000] {animals_api_hook.py:33} INFO - Fetching animals page 275
[2025-05-28T09:34:03.173+0000] {animals_api_hook.py:65} INFO - Fetched page 275: 10 animals
[2025-05-28T09:34:03.174+0000] {animals_api_hook.py:33} INFO - Fetching animals page 276
[2025-05-28T09:34:03.199+0000] {animals_api_hook.py:65} INFO - Fetched page 276: 10 animals
[2025-05-28T09:34:03.200+0000] {animals_api_hook.py:33} INFO - Fetching animals page 277
[2025-05-28T09:34:03.226+0000] {animals_api_hook.py:65} INFO - Fetched page 277: 10 animals
[2025-05-28T09:34:03.226+0000] {animals_api_hook.py:33} INFO - Fetching animals page 278
[2025-05-28T09:34:03.253+0000] {animals_api_hook.py:65} INFO - Fetched page 278: 10 animals
[2025-05-28T09:34:03.253+0000] {animals_api_hook.py:33} INFO - Fetching animals page 279
[2025-05-28T09:34:03.279+0000] {animals_api_hook.py:65} INFO - Fetched page 279: 10 animals
[2025-05-28T09:34:03.280+0000] {animals_api_hook.py:33} INFO - Fetching animals page 280
[2025-05-28T09:34:03.305+0000] {animals_api_hook.py:65} INFO - Fetched page 280: 10 animals
[2025-05-28T09:34:03.306+0000] {animals_api_hook.py:33} INFO - Fetching animals page 281
[2025-05-28T09:34:03.331+0000] {animals_api_hook.py:65} INFO - Fetched page 281: 10 animals
[2025-05-28T09:34:03.332+0000] {animals_api_hook.py:33} INFO - Fetching animals page 282
[2025-05-28T09:34:03.365+0000] {animals_api_hook.py:65} INFO - Fetched page 282: 10 animals
[2025-05-28T09:34:03.365+0000] {animals_api_hook.py:33} INFO - Fetching animals page 283
[2025-05-28T09:34:03.391+0000] {animals_api_hook.py:65} INFO - Fetched page 283: 10 animals
[2025-05-28T09:34:03.392+0000] {animals_api_hook.py:33} INFO - Fetching animals page 284
[2025-05-28T09:34:03.417+0000] {animals_api_hook.py:65} INFO - Fetched page 284: 10 animals
[2025-05-28T09:34:03.418+0000] {animals_api_hook.py:33} INFO - Fetching animals page 285
[2025-05-28T09:34:03.443+0000] {animals_api_hook.py:65} INFO - Fetched page 285: 10 animals
[2025-05-28T09:34:03.444+0000] {animals_api_hook.py:33} INFO - Fetching animals page 286
[2025-05-28T09:34:03.469+0000] {animals_api_hook.py:65} INFO - Fetched page 286: 10 animals
[2025-05-28T09:34:03.470+0000] {animals_api_hook.py:33} INFO - Fetching animals page 287
[2025-05-28T09:34:03.495+0000] {animals_api_hook.py:65} INFO - Fetched page 287: 10 animals
[2025-05-28T09:34:03.495+0000] {animals_api_hook.py:33} INFO - Fetching animals page 288
[2025-05-28T09:34:03.520+0000] {animals_api_hook.py:65} INFO - Fetched page 288: 10 animals
[2025-05-28T09:34:03.521+0000] {animals_api_hook.py:33} INFO - Fetching animals page 289
[2025-05-28T09:34:03.547+0000] {animals_api_hook.py:65} INFO - Fetched page 289: 10 animals
[2025-05-28T09:34:03.547+0000] {animals_api_hook.py:33} INFO - Fetching animals page 290
[2025-05-28T09:34:03.573+0000] {animals_api_hook.py:65} INFO - Fetched page 290: 10 animals
[2025-05-28T09:34:03.574+0000] {animals_api_hook.py:33} INFO - Fetching animals page 291
[2025-05-28T09:34:03.611+0000] {animals_api_hook.py:65} INFO - Fetched page 291: 10 animals
[2025-05-28T09:34:03.612+0000] {animals_api_hook.py:33} INFO - Fetching animals page 292
[2025-05-28T09:34:03.639+0000] {animals_api_hook.py:65} INFO - Fetched page 292: 10 animals
[2025-05-28T09:34:03.639+0000] {animals_api_hook.py:33} INFO - Fetching animals page 293
[2025-05-28T09:34:03.669+0000] {animals_api_hook.py:65} INFO - Fetched page 293: 10 animals
[2025-05-28T09:34:03.670+0000] {animals_api_hook.py:33} INFO - Fetching animals page 294
[2025-05-28T09:34:03.699+0000] {animals_api_hook.py:65} INFO - Fetched page 294: 10 animals
[2025-05-28T09:34:03.700+0000] {animals_api_hook.py:33} INFO - Fetching animals page 295
[2025-05-28T09:34:03.726+0000] {animals_api_hook.py:65} INFO - Fetched page 295: 10 animals
[2025-05-28T09:34:03.727+0000] {animals_api_hook.py:33} INFO - Fetching animals page 296
[2025-05-28T09:34:03.753+0000] {animals_api_hook.py:65} INFO - Fetched page 296: 10 animals
[2025-05-28T09:34:03.753+0000] {animals_api_hook.py:33} INFO - Fetching animals page 297
[2025-05-28T09:34:03.779+0000] {animals_api_hook.py:65} INFO - Fetched page 297: 10 animals
[2025-05-28T09:34:03.779+0000] {animals_api_hook.py:33} INFO - Fetching animals page 298
[2025-05-28T09:34:03.805+0000] {animals_api_hook.py:65} INFO - Fetched page 298: 10 animals
[2025-05-28T09:34:03.805+0000] {animals_api_hook.py:33} INFO - Fetching animals page 299
[2025-05-28T09:34:03.838+0000] {animals_api_hook.py:65} INFO - Fetched page 299: 10 animals
[2025-05-28T09:34:03.839+0000] {animals_api_hook.py:33} INFO - Fetching animals page 300
[2025-05-28T09:34:03.864+0000] {animals_api_hook.py:65} INFO - Fetched page 300: 10 animals
[2025-05-28T09:34:03.865+0000] {animals_api_hook.py:33} INFO - Fetching animals page 301
[2025-05-28T09:34:03.891+0000] {animals_api_hook.py:65} INFO - Fetched page 301: 10 animals
[2025-05-28T09:34:03.892+0000] {animals_api_hook.py:33} INFO - Fetching animals page 302
[2025-05-28T09:34:03.918+0000] {animals_api_hook.py:65} INFO - Fetched page 302: 10 animals
[2025-05-28T09:34:03.919+0000] {animals_api_hook.py:33} INFO - Fetching animals page 303
[2025-05-28T09:34:03.944+0000] {animals_api_hook.py:65} INFO - Fetched page 303: 10 animals
[2025-05-28T09:34:03.944+0000] {animals_api_hook.py:33} INFO - Fetching animals page 304
[2025-05-28T09:34:03.970+0000] {animals_api_hook.py:65} INFO - Fetched page 304: 10 animals
[2025-05-28T09:34:03.970+0000] {animals_api_hook.py:33} INFO - Fetching animals page 305
[2025-05-28T09:34:03.995+0000] {animals_api_hook.py:65} INFO - Fetched page 305: 10 animals
[2025-05-28T09:34:03.996+0000] {animals_api_hook.py:33} INFO - Fetching animals page 306
[2025-05-28T09:34:04.021+0000] {animals_api_hook.py:65} INFO - Fetched page 306: 10 animals
[2025-05-28T09:34:04.022+0000] {animals_api_hook.py:33} INFO - Fetching animals page 307
[2025-05-28T09:34:04.055+0000] {animals_api_hook.py:65} INFO - Fetched page 307: 10 animals
[2025-05-28T09:34:04.056+0000] {animals_api_hook.py:33} INFO - Fetching animals page 308
[2025-05-28T09:34:04.081+0000] {animals_api_hook.py:65} INFO - Fetched page 308: 10 animals
[2025-05-28T09:34:04.082+0000] {animals_api_hook.py:33} INFO - Fetching animals page 309
[2025-05-28T09:34:04.107+0000] {animals_api_hook.py:65} INFO - Fetched page 309: 10 animals
[2025-05-28T09:34:04.108+0000] {animals_api_hook.py:33} INFO - Fetching animals page 310
[2025-05-28T09:34:04.133+0000] {animals_api_hook.py:65} INFO - Fetched page 310: 10 animals
[2025-05-28T09:34:04.134+0000] {animals_api_hook.py:33} INFO - Fetching animals page 311
[2025-05-28T09:34:04.159+0000] {animals_api_hook.py:65} INFO - Fetched page 311: 10 animals
[2025-05-28T09:34:04.160+0000] {animals_api_hook.py:33} INFO - Fetching animals page 312
[2025-05-28T09:34:04.185+0000] {animals_api_hook.py:65} INFO - Fetched page 312: 10 animals
[2025-05-28T09:34:04.186+0000] {animals_api_hook.py:33} INFO - Fetching animals page 313
[2025-05-28T09:34:04.211+0000] {animals_api_hook.py:65} INFO - Fetched page 313: 10 animals
[2025-05-28T09:34:04.211+0000] {animals_api_hook.py:33} INFO - Fetching animals page 314
[2025-05-28T09:34:04.237+0000] {animals_api_hook.py:65} INFO - Fetched page 314: 10 animals
[2025-05-28T09:34:04.238+0000] {animals_api_hook.py:33} INFO - Fetching animals page 315
[2025-05-28T09:34:04.263+0000] {animals_api_hook.py:65} INFO - Fetched page 315: 10 animals
[2025-05-28T09:34:04.264+0000] {animals_api_hook.py:33} INFO - Fetching animals page 316
[2025-05-28T09:34:04.299+0000] {animals_api_hook.py:65} INFO - Fetched page 316: 10 animals
[2025-05-28T09:34:04.300+0000] {animals_api_hook.py:33} INFO - Fetching animals page 317
[2025-05-28T09:34:04.326+0000] {animals_api_hook.py:65} INFO - Fetched page 317: 10 animals
[2025-05-28T09:34:04.327+0000] {animals_api_hook.py:33} INFO - Fetching animals page 318
[2025-05-28T09:34:04.352+0000] {animals_api_hook.py:65} INFO - Fetched page 318: 10 animals
[2025-05-28T09:34:04.353+0000] {animals_api_hook.py:33} INFO - Fetching animals page 319
[2025-05-28T09:34:04.378+0000] {animals_api_hook.py:65} INFO - Fetched page 319: 10 animals
[2025-05-28T09:34:04.379+0000] {animals_api_hook.py:33} INFO - Fetching animals page 320
[2025-05-28T09:34:04.404+0000] {animals_api_hook.py:65} INFO - Fetched page 320: 10 animals
[2025-05-28T09:34:04.405+0000] {animals_api_hook.py:33} INFO - Fetching animals page 321
[2025-05-28T09:34:04.430+0000] {animals_api_hook.py:65} INFO - Fetched page 321: 10 animals
[2025-05-28T09:34:04.431+0000] {animals_api_hook.py:33} INFO - Fetching animals page 322
[2025-05-28T09:34:04.456+0000] {animals_api_hook.py:65} INFO - Fetched page 322: 10 animals
[2025-05-28T09:34:04.457+0000] {animals_api_hook.py:33} INFO - Fetching animals page 323
[2025-05-28T09:34:04.482+0000] {animals_api_hook.py:65} INFO - Fetched page 323: 10 animals
[2025-05-28T09:34:04.482+0000] {animals_api_hook.py:33} INFO - Fetching animals page 324
[2025-05-28T09:34:04.517+0000] {animals_api_hook.py:65} INFO - Fetched page 324: 10 animals
[2025-05-28T09:34:04.518+0000] {animals_api_hook.py:33} INFO - Fetching animals page 325
[2025-05-28T09:34:04.543+0000] {animals_api_hook.py:65} INFO - Fetched page 325: 10 animals
[2025-05-28T09:34:04.544+0000] {animals_api_hook.py:33} INFO - Fetching animals page 326
[2025-05-28T09:34:04.571+0000] {animals_api_hook.py:65} INFO - Fetched page 326: 10 animals
[2025-05-28T09:34:04.571+0000] {animals_api_hook.py:33} INFO - Fetching animals page 327
[2025-05-28T09:34:16.599+0000] {animals_api_hook.py:65} INFO - Fetched page 327: 10 animals
[2025-05-28T09:34:16.600+0000] {animals_api_hook.py:33} INFO - Fetching animals page 328
[2025-05-28T09:34:16.627+0000] {animals_api_hook.py:65} INFO - Fetched page 328: 10 animals
[2025-05-28T09:34:16.628+0000] {animals_api_hook.py:33} INFO - Fetching animals page 329
[2025-05-28T09:34:16.653+0000] {animals_api_hook.py:65} INFO - Fetched page 329: 10 animals
[2025-05-28T09:34:16.653+0000] {animals_api_hook.py:33} INFO - Fetching animals page 330
[2025-05-28T09:34:16.678+0000] {animals_api_hook.py:65} INFO - Fetched page 330: 10 animals
[2025-05-28T09:34:16.678+0000] {animals_api_hook.py:33} INFO - Fetching animals page 331
[2025-05-28T09:34:16.703+0000] {animals_api_hook.py:65} INFO - Fetched page 331: 10 animals
[2025-05-28T09:34:16.704+0000] {animals_api_hook.py:33} INFO - Fetching animals page 332
[2025-05-28T09:34:16.729+0000] {animals_api_hook.py:65} INFO - Fetched page 332: 10 animals
[2025-05-28T09:34:16.729+0000] {animals_api_hook.py:33} INFO - Fetching animals page 333
[2025-05-28T09:34:16.763+0000] {animals_api_hook.py:65} INFO - Fetched page 333: 10 animals
[2025-05-28T09:34:16.764+0000] {animals_api_hook.py:33} INFO - Fetching animals page 334
[2025-05-28T09:34:16.789+0000] {animals_api_hook.py:65} INFO - Fetched page 334: 10 animals
[2025-05-28T09:34:16.789+0000] {animals_api_hook.py:33} INFO - Fetching animals page 335
[2025-05-28T09:34:16.814+0000] {animals_api_hook.py:65} INFO - Fetched page 335: 10 animals
[2025-05-28T09:34:16.815+0000] {animals_api_hook.py:33} INFO - Fetching animals page 336
[2025-05-28T09:34:16.840+0000] {animals_api_hook.py:65} INFO - Fetched page 336: 10 animals
[2025-05-28T09:34:16.841+0000] {animals_api_hook.py:33} INFO - Fetching animals page 337
[2025-05-28T09:34:16.866+0000] {animals_api_hook.py:65} INFO - Fetched page 337: 10 animals
[2025-05-28T09:34:16.867+0000] {animals_api_hook.py:33} INFO - Fetching animals page 338
[2025-05-28T09:34:16.892+0000] {animals_api_hook.py:65} INFO - Fetched page 338: 10 animals
[2025-05-28T09:34:16.893+0000] {animals_api_hook.py:33} INFO - Fetching animals page 339
[2025-05-28T09:34:16.919+0000] {animals_api_hook.py:65} INFO - Fetched page 339: 10 animals
[2025-05-28T09:34:16.919+0000] {animals_api_hook.py:33} INFO - Fetching animals page 340
[2025-05-28T09:34:16.947+0000] {animals_api_hook.py:65} INFO - Fetched page 340: 10 animals
[2025-05-28T09:34:16.948+0000] {animals_api_hook.py:33} INFO - Fetching animals page 341
[2025-05-28T09:34:16.983+0000] {animals_api_hook.py:65} INFO - Fetched page 341: 10 animals
[2025-05-28T09:34:16.983+0000] {animals_api_hook.py:33} INFO - Fetching animals page 342
[2025-05-28T09:34:17.009+0000] {animals_api_hook.py:65} INFO - Fetched page 342: 10 animals
[2025-05-28T09:34:17.009+0000] {animals_api_hook.py:33} INFO - Fetching animals page 343
[2025-05-28T09:34:17.036+0000] {animals_api_hook.py:65} INFO - Fetched page 343: 10 animals
[2025-05-28T09:34:17.036+0000] {animals_api_hook.py:33} INFO - Fetching animals page 344
[2025-05-28T09:34:17.062+0000] {animals_api_hook.py:65} INFO - Fetched page 344: 10 animals
[2025-05-28T09:34:17.063+0000] {animals_api_hook.py:33} INFO - Fetching animals page 345
[2025-05-28T09:34:17.088+0000] {animals_api_hook.py:65} INFO - Fetched page 345: 10 animals
[2025-05-28T09:34:17.089+0000] {animals_api_hook.py:33} INFO - Fetching animals page 346
[2025-05-28T09:34:17.116+0000] {animals_api_hook.py:65} INFO - Fetched page 346: 10 animals
[2025-05-28T09:34:17.117+0000] {animals_api_hook.py:33} INFO - Fetching animals page 347
[2025-05-28T09:34:17.142+0000] {animals_api_hook.py:65} INFO - Fetched page 347: 10 animals
[2025-05-28T09:34:17.143+0000] {animals_api_hook.py:33} INFO - Fetching animals page 348
[2025-05-28T09:34:17.168+0000] {animals_api_hook.py:65} INFO - Fetched page 348: 10 animals
[2025-05-28T09:34:17.169+0000] {animals_api_hook.py:33} INFO - Fetching animals page 349
[2025-05-28T09:34:17.194+0000] {animals_api_hook.py:65} INFO - Fetched page 349: 10 animals
[2025-05-28T09:34:17.195+0000] {animals_api_hook.py:33} INFO - Fetching animals page 350
[2025-05-28T09:34:17.231+0000] {animals_api_hook.py:65} INFO - Fetched page 350: 10 animals
[2025-05-28T09:34:17.231+0000] {animals_api_hook.py:33} INFO - Fetching animals page 351
[2025-05-28T09:34:17.258+0000] {animals_api_hook.py:65} INFO - Fetched page 351: 10 animals
[2025-05-28T09:34:17.259+0000] {animals_api_hook.py:33} INFO - Fetching animals page 352
[2025-05-28T09:34:17.284+0000] {animals_api_hook.py:65} INFO - Fetched page 352: 10 animals
[2025-05-28T09:34:17.285+0000] {animals_api_hook.py:33} INFO - Fetching animals page 353
[2025-05-28T09:34:17.311+0000] {animals_api_hook.py:65} INFO - Fetched page 353: 10 animals
[2025-05-28T09:34:17.311+0000] {animals_api_hook.py:33} INFO - Fetching animals page 354
[2025-05-28T09:34:17.337+0000] {animals_api_hook.py:65} INFO - Fetched page 354: 10 animals
[2025-05-28T09:34:17.337+0000] {animals_api_hook.py:33} INFO - Fetching animals page 355
[2025-05-28T09:34:17.363+0000] {animals_api_hook.py:65} INFO - Fetched page 355: 10 animals
[2025-05-28T09:34:17.363+0000] {animals_api_hook.py:33} INFO - Fetching animals page 356
[2025-05-28T09:34:17.389+0000] {animals_api_hook.py:65} INFO - Fetched page 356: 10 animals
[2025-05-28T09:34:17.390+0000] {animals_api_hook.py:33} INFO - Fetching animals page 357
[2025-05-28T09:34:17.416+0000] {animals_api_hook.py:65} INFO - Fetched page 357: 10 animals
[2025-05-28T09:34:17.416+0000] {animals_api_hook.py:33} INFO - Fetching animals page 358
[2025-05-28T09:34:17.451+0000] {animals_api_hook.py:65} INFO - Fetched page 358: 10 animals
[2025-05-28T09:34:17.452+0000] {animals_api_hook.py:33} INFO - Fetching animals page 359
[2025-05-28T09:34:17.478+0000] {animals_api_hook.py:65} INFO - Fetched page 359: 10 animals
[2025-05-28T09:34:17.478+0000] {animals_api_hook.py:33} INFO - Fetching animals page 360
[2025-05-28T09:34:17.504+0000] {animals_api_hook.py:65} INFO - Fetched page 360: 10 animals
[2025-05-28T09:34:17.504+0000] {animals_api_hook.py:33} INFO - Fetching animals page 361
[2025-05-28T09:34:17.532+0000] {animals_api_hook.py:65} INFO - Fetched page 361: 10 animals
[2025-05-28T09:34:17.532+0000] {animals_api_hook.py:33} INFO - Fetching animals page 362
[2025-05-28T09:34:17.557+0000] {animals_api_hook.py:65} INFO - Fetched page 362: 10 animals
[2025-05-28T09:34:17.558+0000] {animals_api_hook.py:33} INFO - Fetching animals page 363
[2025-05-28T09:34:17.586+0000] {animals_api_hook.py:65} INFO - Fetched page 363: 10 animals
[2025-05-28T09:34:17.587+0000] {animals_api_hook.py:33} INFO - Fetching animals page 364
[2025-05-28T09:34:17.615+0000] {animals_api_hook.py:65} INFO - Fetched page 364: 10 animals
[2025-05-28T09:34:17.615+0000] {animals_api_hook.py:33} INFO - Fetching animals page 365
[2025-05-28T09:34:17.643+0000] {animals_api_hook.py:65} INFO - Fetched page 365: 10 animals
[2025-05-28T09:34:17.644+0000] {animals_api_hook.py:33} INFO - Fetching animals page 366
[2025-05-28T09:34:17.680+0000] {animals_api_hook.py:65} INFO - Fetched page 366: 10 animals
[2025-05-28T09:34:17.680+0000] {animals_api_hook.py:33} INFO - Fetching animals page 367
[2025-05-28T09:34:17.706+0000] {animals_api_hook.py:65} INFO - Fetched page 367: 10 animals
[2025-05-28T09:34:17.707+0000] {animals_api_hook.py:33} INFO - Fetching animals page 368
[2025-05-28T09:34:17.732+0000] {animals_api_hook.py:65} INFO - Fetched page 368: 10 animals
[2025-05-28T09:34:17.733+0000] {animals_api_hook.py:33} INFO - Fetching animals page 369
[2025-05-28T09:34:17.758+0000] {animals_api_hook.py:65} INFO - Fetched page 369: 10 animals
[2025-05-28T09:34:17.759+0000] {animals_api_hook.py:33} INFO - Fetching animals page 370
[2025-05-28T09:34:17.784+0000] {animals_api_hook.py:65} INFO - Fetched page 370: 10 animals
[2025-05-28T09:34:17.785+0000] {animals_api_hook.py:33} INFO - Fetching animals page 371
[2025-05-28T09:34:17.811+0000] {animals_api_hook.py:65} INFO - Fetched page 371: 10 animals
[2025-05-28T09:34:17.811+0000] {animals_api_hook.py:33} INFO - Fetching animals page 372
[2025-05-28T09:34:17.837+0000] {animals_api_hook.py:65} INFO - Fetched page 372: 10 animals
[2025-05-28T09:34:17.837+0000] {animals_api_hook.py:33} INFO - Fetching animals page 373
[2025-05-28T09:34:18.862+0000] {animals_api_hook.py:33} INFO - Fetching animals page 373
[2025-05-28T09:34:18.892+0000] {animals_api_hook.py:65} INFO - Fetched page 373: 10 animals
[2025-05-28T09:34:18.893+0000] {animals_api_hook.py:33} INFO - Fetching animals page 374
[2025-05-28T09:34:18.925+0000] {animals_api_hook.py:65} INFO - Fetched page 374: 10 animals
[2025-05-28T09:34:18.926+0000] {animals_api_hook.py:33} INFO - Fetching animals page 375
[2025-05-28T09:34:18.952+0000] {animals_api_hook.py:65} INFO - Fetched page 375: 10 animals
[2025-05-28T09:34:18.952+0000] {animals_api_hook.py:33} INFO - Fetching animals page 376
[2025-05-28T09:34:18.980+0000] {animals_api_hook.py:65} INFO - Fetched page 376: 10 animals
[2025-05-28T09:34:18.980+0000] {animals_api_hook.py:33} INFO - Fetching animals page 377
[2025-05-28T09:34:19.006+0000] {animals_api_hook.py:65} INFO - Fetched page 377: 10 animals
[2025-05-28T09:34:19.006+0000] {animals_api_hook.py:33} INFO - Fetching animals page 378
[2025-05-28T09:34:19.033+0000] {animals_api_hook.py:65} INFO - Fetched page 378: 10 animals
[2025-05-28T09:34:19.034+0000] {animals_api_hook.py:33} INFO - Fetching animals page 379
[2025-05-28T09:34:19.060+0000] {animals_api_hook.py:65} INFO - Fetched page 379: 10 animals
[2025-05-28T09:34:19.060+0000] {animals_api_hook.py:33} INFO - Fetching animals page 380
[2025-05-28T09:34:19.086+0000] {animals_api_hook.py:65} INFO - Fetched page 380: 10 animals
[2025-05-28T09:34:19.086+0000] {animals_api_hook.py:33} INFO - Fetching animals page 381
[2025-05-28T09:34:19.111+0000] {animals_api_hook.py:65} INFO - Fetched page 381: 10 animals
[2025-05-28T09:34:19.112+0000] {animals_api_hook.py:33} INFO - Fetching animals page 382
[2025-05-28T09:34:19.146+0000] {animals_api_hook.py:65} INFO - Fetched page 382: 10 animals
[2025-05-28T09:34:19.146+0000] {animals_api_hook.py:33} INFO - Fetching animals page 383
[2025-05-28T09:34:19.172+0000] {animals_api_hook.py:65} INFO - Fetched page 383: 10 animals
[2025-05-28T09:34:19.173+0000] {animals_api_hook.py:33} INFO - Fetching animals page 384
[2025-05-28T09:34:19.199+0000] {animals_api_hook.py:65} INFO - Fetched page 384: 10 animals
[2025-05-28T09:34:19.200+0000] {animals_api_hook.py:33} INFO - Fetching animals page 385
[2025-05-28T09:34:19.239+0000] {animals_api_hook.py:65} INFO - Fetched page 385: 10 animals
[2025-05-28T09:34:19.239+0000] {animals_api_hook.py:33} INFO - Fetching animals page 386
[2025-05-28T09:34:19.266+0000] {animals_api_hook.py:65} INFO - Fetched page 386: 10 animals
[2025-05-28T09:34:19.266+0000] {animals_api_hook.py:33} INFO - Fetching animals page 387
[2025-05-28T09:34:19.291+0000] {animals_api_hook.py:65} INFO - Fetched page 387: 10 animals
[2025-05-28T09:34:19.292+0000] {animals_api_hook.py:33} INFO - Fetching animals page 388
[2025-05-28T09:34:19.317+0000] {animals_api_hook.py:65} INFO - Fetched page 388: 10 animals
[2025-05-28T09:34:19.318+0000] {animals_api_hook.py:33} INFO - Fetching animals page 389
[2025-05-28T09:34:19.344+0000] {animals_api_hook.py:65} INFO - Fetched page 389: 10 animals
[2025-05-28T09:34:19.345+0000] {animals_api_hook.py:33} INFO - Fetching animals page 390
[2025-05-28T09:34:19.372+0000] {animals_api_hook.py:65} INFO - Fetched page 390: 10 animals
[2025-05-28T09:34:19.372+0000] {animals_api_hook.py:33} INFO - Fetching animals page 391
[2025-05-28T09:34:19.407+0000] {animals_api_hook.py:65} INFO - Fetched page 391: 10 animals
[2025-05-28T09:34:19.408+0000] {animals_api_hook.py:33} INFO - Fetching animals page 392
[2025-05-28T09:34:19.434+0000] {animals_api_hook.py:65} INFO - Fetched page 392: 10 animals
[2025-05-28T09:34:19.434+0000] {animals_api_hook.py:33} INFO - Fetching animals page 393
[2025-05-28T09:34:19.460+0000] {animals_api_hook.py:65} INFO - Fetched page 393: 10 animals
[2025-05-28T09:34:19.460+0000] {animals_api_hook.py:33} INFO - Fetching animals page 394
[2025-05-28T09:34:19.485+0000] {animals_api_hook.py:65} INFO - Fetched page 394: 10 animals
[2025-05-28T09:34:19.486+0000] {animals_api_hook.py:33} INFO - Fetching animals page 395
[2025-05-28T09:34:19.513+0000] {animals_api_hook.py:65} INFO - Fetched page 395: 10 animals
[2025-05-28T09:34:19.513+0000] {animals_api_hook.py:33} INFO - Fetching animals page 396
[2025-05-28T09:34:19.539+0000] {animals_api_hook.py:65} INFO - Fetched page 396: 10 animals
[2025-05-28T09:34:19.540+0000] {animals_api_hook.py:33} INFO - Fetching animals page 397
[2025-05-28T09:34:19.565+0000] {animals_api_hook.py:65} INFO - Fetched page 397: 10 animals
[2025-05-28T09:34:19.566+0000] {animals_api_hook.py:33} INFO - Fetching animals page 398
[2025-05-28T09:34:19.592+0000] {animals_api_hook.py:65} INFO - Fetched page 398: 10 animals
[2025-05-28T09:34:19.592+0000] {animals_api_hook.py:33} INFO - Fetching animals page 399
[2025-05-28T09:34:19.629+0000] {animals_api_hook.py:65} INFO - Fetched page 399: 10 animals
[2025-05-28T09:34:19.630+0000] {animals_api_hook.py:33} INFO - Fetching animals page 400
[2025-05-28T09:34:19.657+0000] {animals_api_hook.py:65} INFO - Fetched page 400: 10 animals
[2025-05-28T09:34:19.658+0000] {animals_api_hook.py:33} INFO - Fetching animals page 401
[2025-05-28T09:34:19.683+0000] {animals_api_hook.py:65} INFO - Fetched page 401: 10 animals
[2025-05-28T09:34:19.684+0000] {animals_api_hook.py:33} INFO - Fetching animals page 402
[2025-05-28T09:34:19.710+0000] {animals_api_hook.py:65} INFO - Fetched page 402: 10 animals
[2025-05-28T09:34:19.710+0000] {animals_api_hook.py:33} INFO - Fetching animals page 403
[2025-05-28T09:34:19.737+0000] {animals_api_hook.py:65} INFO - Fetched page 403: 10 animals
[2025-05-28T09:34:19.738+0000] {animals_api_hook.py:33} INFO - Fetching animals page 404
[2025-05-28T09:34:19.765+0000] {animals_api_hook.py:65} INFO - Fetched page 404: 10 animals
[2025-05-28T09:34:19.766+0000] {animals_api_hook.py:33} INFO - Fetching animals page 405
[2025-05-28T09:34:19.791+0000] {animals_api_hook.py:65} INFO - Fetched page 405: 10 animals
[2025-05-28T09:34:19.792+0000] {animals_api_hook.py:33} INFO - Fetching animals page 406
[2025-05-28T09:34:32.819+0000] {animals_api_hook.py:65} INFO - Fetched page 406: 10 animals
[2025-05-28T09:34:32.820+0000] {animals_api_hook.py:33} INFO - Fetching animals page 407
[2025-05-28T09:34:33.844+0000] {animals_api_hook.py:33} INFO - Fetching animals page 407
[2025-05-28T09:34:35.893+0000] {animals_api_hook.py:33} INFO - Fetching animals page 407
[2025-05-28T09:34:35.924+0000] {animals_api_hook.py:65} INFO - Fetched page 407: 10 animals
[2025-05-28T09:34:35.925+0000] {animals_api_hook.py:33} INFO - Fetching animals page 408
[2025-05-28T09:34:35.951+0000] {animals_api_hook.py:65} INFO - Fetched page 408: 10 animals
[2025-05-28T09:34:35.951+0000] {animals_api_hook.py:33} INFO - Fetching animals page 409
[2025-05-28T09:34:35.976+0000] {animals_api_hook.py:65} INFO - Fetched page 409: 10 animals
[2025-05-28T09:34:35.977+0000] {animals_api_hook.py:33} INFO - Fetching animals page 410
[2025-05-28T09:34:36.002+0000] {animals_api_hook.py:65} INFO - Fetched page 410: 10 animals
[2025-05-28T09:34:36.002+0000] {animals_api_hook.py:33} INFO - Fetching animals page 411
[2025-05-28T09:34:36.028+0000] {animals_api_hook.py:65} INFO - Fetched page 411: 10 animals
[2025-05-28T09:34:36.028+0000] {animals_api_hook.py:33} INFO - Fetching animals page 412
[2025-05-28T09:34:36.053+0000] {animals_api_hook.py:65} INFO - Fetched page 412: 10 animals
[2025-05-28T09:34:36.054+0000] {animals_api_hook.py:33} INFO - Fetching animals page 413
[2025-05-28T09:34:36.079+0000] {animals_api_hook.py:65} INFO - Fetched page 413: 10 animals
[2025-05-28T09:34:36.079+0000] {animals_api_hook.py:33} INFO - Fetching animals page 414
[2025-05-28T09:34:36.105+0000] {animals_api_hook.py:65} INFO - Fetched page 414: 10 animals
[2025-05-28T09:34:36.105+0000] {animals_api_hook.py:33} INFO - Fetching animals page 415
[2025-05-28T09:34:36.138+0000] {animals_api_hook.py:65} INFO - Fetched page 415: 10 animals
[2025-05-28T09:34:36.139+0000] {animals_api_hook.py:33} INFO - Fetching animals page 416
[2025-05-28T09:34:36.165+0000] {animals_api_hook.py:65} INFO - Fetched page 416: 10 animals
[2025-05-28T09:34:36.166+0000] {animals_api_hook.py:33} INFO - Fetching animals page 417
[2025-05-28T09:34:36.191+0000] {animals_api_hook.py:65} INFO - Fetched page 417: 10 animals
[2025-05-28T09:34:36.192+0000] {animals_api_hook.py:33} INFO - Fetching animals page 418
[2025-05-28T09:34:36.218+0000] {animals_api_hook.py:65} INFO - Fetched page 418: 10 animals
[2025-05-28T09:34:36.218+0000] {animals_api_hook.py:33} INFO - Fetching animals page 419
[2025-05-28T09:34:36.244+0000] {animals_api_hook.py:65} INFO - Fetched page 419: 10 animals
[2025-05-28T09:34:36.245+0000] {animals_api_hook.py:33} INFO - Fetching animals page 420
[2025-05-28T09:34:36.270+0000] {animals_api_hook.py:65} INFO - Fetched page 420: 10 animals
[2025-05-28T09:34:36.271+0000] {animals_api_hook.py:33} INFO - Fetching animals page 421
[2025-05-28T09:34:36.296+0000] {animals_api_hook.py:65} INFO - Fetched page 421: 10 animals
[2025-05-28T09:34:36.297+0000] {animals_api_hook.py:33} INFO - Fetching animals page 422
[2025-05-28T09:34:36.322+0000] {animals_api_hook.py:65} INFO - Fetched page 422: 10 animals
[2025-05-28T09:34:36.323+0000] {animals_api_hook.py:33} INFO - Fetching animals page 423
[2025-05-28T09:34:36.362+0000] {animals_api_hook.py:65} INFO - Fetched page 423: 10 animals
[2025-05-28T09:34:36.362+0000] {animals_api_hook.py:33} INFO - Fetching animals page 424
[2025-05-28T09:34:36.391+0000] {animals_api_hook.py:65} INFO - Fetched page 424: 10 animals
[2025-05-28T09:34:36.391+0000] {animals_api_hook.py:33} INFO - Fetching animals page 425
[2025-05-28T09:34:36.418+0000] {animals_api_hook.py:65} INFO - Fetched page 425: 10 animals
[2025-05-28T09:34:36.418+0000] {animals_api_hook.py:33} INFO - Fetching animals page 426
[2025-05-28T09:34:36.444+0000] {animals_api_hook.py:65} INFO - Fetched page 426: 10 animals
[2025-05-28T09:34:36.445+0000] {animals_api_hook.py:33} INFO - Fetching animals page 427
[2025-05-28T09:34:36.470+0000] {animals_api_hook.py:65} INFO - Fetched page 427: 10 animals
[2025-05-28T09:34:36.470+0000] {animals_api_hook.py:33} INFO - Fetching animals page 428
[2025-05-28T09:34:36.495+0000] {animals_api_hook.py:65} INFO - Fetched page 428: 10 animals
[2025-05-28T09:34:36.496+0000] {animals_api_hook.py:33} INFO - Fetching animals page 429
[2025-05-28T09:34:36.521+0000] {animals_api_hook.py:65} INFO - Fetched page 429: 10 animals
[2025-05-28T09:34:36.522+0000] {animals_api_hook.py:33} INFO - Fetching animals page 430
[2025-05-28T09:34:36.547+0000] {animals_api_hook.py:65} INFO - Fetched page 430: 10 animals
[2025-05-28T09:34:36.548+0000] {animals_api_hook.py:33} INFO - Fetching animals page 431
[2025-05-28T09:34:36.574+0000] {animals_api_hook.py:65} INFO - Fetched page 431: 10 animals
[2025-05-28T09:34:36.574+0000] {animals_api_hook.py:33} INFO - Fetching animals page 432
[2025-05-28T09:34:36.609+0000] {animals_api_hook.py:65} INFO - Fetched page 432: 10 animals
[2025-05-28T09:34:36.610+0000] {animals_api_hook.py:33} INFO - Fetching animals page 433
[2025-05-28T09:34:36.636+0000] {animals_api_hook.py:65} INFO - Fetched page 433: 10 animals
[2025-05-28T09:34:36.636+0000] {animals_api_hook.py:33} INFO - Fetching animals page 434
[2025-05-28T09:34:36.662+0000] {animals_api_hook.py:65} INFO - Fetched page 434: 10 animals
[2025-05-28T09:34:36.662+0000] {animals_api_hook.py:33} INFO - Fetching animals page 435
[2025-05-28T09:34:36.688+0000] {animals_api_hook.py:65} INFO - Fetched page 435: 10 animals
[2025-05-28T09:34:36.688+0000] {animals_api_hook.py:33} INFO - Fetching animals page 436
[2025-05-28T09:34:36.713+0000] {animals_api_hook.py:65} INFO - Fetched page 436: 10 animals
[2025-05-28T09:34:36.714+0000] {animals_api_hook.py:33} INFO - Fetching animals page 437
[2025-05-28T09:34:36.739+0000] {animals_api_hook.py:65} INFO - Fetched page 437: 10 animals
[2025-05-28T09:34:36.740+0000] {animals_api_hook.py:33} INFO - Fetching animals page 438
[2025-05-28T09:34:36.766+0000] {animals_api_hook.py:65} INFO - Fetched page 438: 10 animals
[2025-05-28T09:34:36.766+0000] {animals_api_hook.py:33} INFO - Fetching animals page 439
[2025-05-28T09:34:36.792+0000] {animals_api_hook.py:65} INFO - Fetched page 439: 10 animals
[2025-05-28T09:34:36.792+0000] {animals_api_hook.py:33} INFO - Fetching animals page 440
[2025-05-28T09:34:36.827+0000] {animals_api_hook.py:65} INFO - Fetched page 440: 10 animals
[2025-05-28T09:34:36.828+0000] {animals_api_hook.py:33} INFO - Fetching animals page 441
[2025-05-28T09:34:36.855+0000] {animals_api_hook.py:65} INFO - Fetched page 441: 10 animals
[2025-05-28T09:34:36.856+0000] {animals_api_hook.py:33} INFO - Fetching animals page 442
[2025-05-28T09:34:36.882+0000] {animals_api_hook.py:65} INFO - Fetched page 442: 10 animals
[2025-05-28T09:34:36.882+0000] {animals_api_hook.py:33} INFO - Fetching animals page 443
[2025-05-28T09:34:36.909+0000] {animals_api_hook.py:65} INFO - Fetched page 443: 10 animals
[2025-05-28T09:34:36.909+0000] {animals_api_hook.py:33} INFO - Fetching animals page 444
[2025-05-28T09:34:36.934+0000] {animals_api_hook.py:65} INFO - Fetched page 444: 10 animals
[2025-05-28T09:34:36.935+0000] {animals_api_hook.py:33} INFO - Fetching animals page 445
[2025-05-28T09:34:36.960+0000] {animals_api_hook.py:65} INFO - Fetched page 445: 10 animals
[2025-05-28T09:34:36.961+0000] {animals_api_hook.py:33} INFO - Fetching animals page 446
[2025-05-28T09:34:36.986+0000] {animals_api_hook.py:65} INFO - Fetched page 446: 10 animals
[2025-05-28T09:34:36.987+0000] {animals_api_hook.py:33} INFO - Fetching animals page 447
[2025-05-28T09:34:37.012+0000] {animals_api_hook.py:65} INFO - Fetched page 447: 10 animals
[2025-05-28T09:34:37.012+0000] {animals_api_hook.py:33} INFO - Fetching animals page 448
[2025-05-28T09:34:37.047+0000] {animals_api_hook.py:65} INFO - Fetched page 448: 10 animals
[2025-05-28T09:34:37.047+0000] {animals_api_hook.py:33} INFO - Fetching animals page 449
[2025-05-28T09:34:37.073+0000] {animals_api_hook.py:65} INFO - Fetched page 449: 10 animals
[2025-05-28T09:34:37.073+0000] {animals_api_hook.py:33} INFO - Fetching animals page 450
[2025-05-28T09:34:37.099+0000] {animals_api_hook.py:65} INFO - Fetched page 450: 10 animals
[2025-05-28T09:34:37.099+0000] {animals_api_hook.py:33} INFO - Fetching animals page 451
[2025-05-28T09:34:37.126+0000] {animals_api_hook.py:65} INFO - Fetched page 451: 10 animals
[2025-05-28T09:34:37.126+0000] {animals_api_hook.py:33} INFO - Fetching animals page 452
[2025-05-28T09:34:37.153+0000] {animals_api_hook.py:65} INFO - Fetched page 452: 10 animals
[2025-05-28T09:34:37.153+0000] {animals_api_hook.py:33} INFO - Fetching animals page 453
[2025-05-28T09:34:38.178+0000] {animals_api_hook.py:33} INFO - Fetching animals page 453
[2025-05-28T09:34:38.208+0000] {animals_api_hook.py:65} INFO - Fetched page 453: 10 animals
[2025-05-28T09:34:38.208+0000] {animals_api_hook.py:33} INFO - Fetching animals page 454
[2025-05-28T09:34:38.233+0000] {animals_api_hook.py:65} INFO - Fetched page 454: 10 animals
[2025-05-28T09:34:38.234+0000] {animals_api_hook.py:33} INFO - Fetching animals page 455
[2025-05-28T09:34:38.260+0000] {animals_api_hook.py:65} INFO - Fetched page 455: 10 animals
[2025-05-28T09:34:38.260+0000] {animals_api_hook.py:33} INFO - Fetching animals page 456
[2025-05-28T09:34:38.294+0000] {animals_api_hook.py:65} INFO - Fetched page 456: 10 animals
[2025-05-28T09:34:38.295+0000] {animals_api_hook.py:33} INFO - Fetching animals page 457
[2025-05-28T09:34:38.321+0000] {animals_api_hook.py:65} INFO - Fetched page 457: 10 animals
[2025-05-28T09:34:38.321+0000] {animals_api_hook.py:33} INFO - Fetching animals page 458
[2025-05-28T09:34:38.347+0000] {animals_api_hook.py:65} INFO - Fetched page 458: 10 animals
[2025-05-28T09:34:38.347+0000] {animals_api_hook.py:33} INFO - Fetching animals page 459
[2025-05-28T09:34:38.373+0000] {animals_api_hook.py:65} INFO - Fetched page 459: 10 animals
[2025-05-28T09:34:38.374+0000] {animals_api_hook.py:33} INFO - Fetching animals page 460
[2025-05-28T09:34:38.399+0000] {animals_api_hook.py:65} INFO - Fetched page 460: 10 animals
[2025-05-28T09:34:38.400+0000] {animals_api_hook.py:33} INFO - Fetching animals page 461
[2025-05-28T09:34:38.425+0000] {animals_api_hook.py:65} INFO - Fetched page 461: 10 animals
[2025-05-28T09:34:38.425+0000] {animals_api_hook.py:33} INFO - Fetching animals page 462
[2025-05-28T09:34:38.452+0000] {animals_api_hook.py:65} INFO - Fetched page 462: 10 animals
[2025-05-28T09:34:38.453+0000] {animals_api_hook.py:33} INFO - Fetching animals page 463
[2025-05-28T09:34:38.479+0000] {animals_api_hook.py:65} INFO - Fetched page 463: 10 animals
[2025-05-28T09:34:38.479+0000] {animals_api_hook.py:33} INFO - Fetching animals page 464
[2025-05-28T09:34:38.516+0000] {animals_api_hook.py:65} INFO - Fetched page 464: 10 animals
[2025-05-28T09:34:38.517+0000] {animals_api_hook.py:33} INFO - Fetching animals page 465
[2025-05-28T09:34:38.542+0000] {animals_api_hook.py:65} INFO - Fetched page 465: 10 animals
[2025-05-28T09:34:38.543+0000] {animals_api_hook.py:33} INFO - Fetching animals page 466
[2025-05-28T09:34:38.568+0000] {animals_api_hook.py:65} INFO - Fetched page 466: 10 animals
[2025-05-28T09:34:38.569+0000] {animals_api_hook.py:33} INFO - Fetching animals page 467
[2025-05-28T09:34:38.595+0000] {animals_api_hook.py:65} INFO - Fetched page 467: 10 animals
[2025-05-28T09:34:38.596+0000] {animals_api_hook.py:33} INFO - Fetching animals page 468
[2025-05-28T09:34:38.622+0000] {animals_api_hook.py:65} INFO - Fetched page 468: 10 animals
[2025-05-28T09:34:38.623+0000] {animals_api_hook.py:33} INFO - Fetching animals page 469
[2025-05-28T09:34:38.648+0000] {animals_api_hook.py:65} INFO - Fetched page 469: 10 animals
[2025-05-28T09:34:38.649+0000] {animals_api_hook.py:33} INFO - Fetching animals page 470
[2025-05-28T09:34:38.675+0000] {animals_api_hook.py:65} INFO - Fetched page 470: 10 animals
[2025-05-28T09:34:38.675+0000] {animals_api_hook.py:33} INFO - Fetching animals page 471
[2025-05-28T09:34:38.701+0000] {animals_api_hook.py:65} INFO - Fetched page 471: 10 animals
[2025-05-28T09:34:38.701+0000] {animals_api_hook.py:33} INFO - Fetching animals page 472
[2025-05-28T09:34:38.728+0000] {animals_api_hook.py:65} INFO - Fetched page 472: 10 animals
[2025-05-28T09:34:38.729+0000] {animals_api_hook.py:33} INFO - Fetching animals page 473
[2025-05-28T09:34:38.764+0000] {animals_api_hook.py:65} INFO - Fetched page 473: 10 animals
[2025-05-28T09:34:38.764+0000] {animals_api_hook.py:33} INFO - Fetching animals page 474
[2025-05-28T09:34:38.791+0000] {animals_api_hook.py:65} INFO - Fetched page 474: 10 animals
[2025-05-28T09:34:38.792+0000] {animals_api_hook.py:33} INFO - Fetching animals page 475
[2025-05-28T09:34:38.818+0000] {animals_api_hook.py:65} INFO - Fetched page 475: 10 animals
[2025-05-28T09:34:38.818+0000] {animals_api_hook.py:33} INFO - Fetching animals page 476
[2025-05-28T09:34:38.843+0000] {animals_api_hook.py:65} INFO - Fetched page 476: 10 animals
[2025-05-28T09:34:38.844+0000] {animals_api_hook.py:33} INFO - Fetching animals page 477
[2025-05-28T09:34:38.869+0000] {animals_api_hook.py:65} INFO - Fetched page 477: 10 animals
[2025-05-28T09:34:38.870+0000] {animals_api_hook.py:33} INFO - Fetching animals page 478
[2025-05-28T09:34:38.896+0000] {animals_api_hook.py:65} INFO - Fetched page 478: 10 animals
[2025-05-28T09:34:38.897+0000] {animals_api_hook.py:33} INFO - Fetching animals page 479
[2025-05-28T09:34:38.923+0000] {animals_api_hook.py:65} INFO - Fetched page 479: 10 animals
[2025-05-28T09:34:38.923+0000] {animals_api_hook.py:33} INFO - Fetching animals page 480
[2025-05-28T09:34:38.949+0000] {animals_api_hook.py:65} INFO - Fetched page 480: 10 animals
[2025-05-28T09:34:38.950+0000] {animals_api_hook.py:33} INFO - Fetching animals page 481
[2025-05-28T09:34:38.984+0000] {animals_api_hook.py:65} INFO - Fetched page 481: 10 animals
[2025-05-28T09:34:38.984+0000] {animals_api_hook.py:33} INFO - Fetching animals page 482
[2025-05-28T09:34:39.011+0000] {animals_api_hook.py:65} INFO - Fetched page 482: 10 animals
[2025-05-28T09:34:39.011+0000] {animals_api_hook.py:33} INFO - Fetching animals page 483
[2025-05-28T09:34:39.037+0000] {animals_api_hook.py:65} INFO - Fetched page 483: 10 animals
[2025-05-28T09:34:39.038+0000] {animals_api_hook.py:33} INFO - Fetching animals page 484
[2025-05-28T09:34:39.064+0000] {animals_api_hook.py:65} INFO - Fetched page 484: 10 animals
[2025-05-28T09:34:39.065+0000] {animals_api_hook.py:33} INFO - Fetching animals page 485
[2025-05-28T09:34:39.090+0000] {animals_api_hook.py:65} INFO - Fetched page 485: 10 animals
[2025-05-28T09:34:39.091+0000] {animals_api_hook.py:33} INFO - Fetching animals page 486
[2025-05-28T09:34:39.116+0000] {animals_api_hook.py:65} INFO - Fetched page 486: 10 animals
[2025-05-28T09:34:39.117+0000] {animals_api_hook.py:33} INFO - Fetching animals page 487
[2025-05-28T09:34:39.144+0000] {animals_api_hook.py:65} INFO - Fetched page 487: 10 animals
[2025-05-28T09:34:39.145+0000] {animals_api_hook.py:33} INFO - Fetching animals page 488
[2025-05-28T09:34:39.171+0000] {animals_api_hook.py:65} INFO - Fetched page 488: 10 animals
[2025-05-28T09:34:39.171+0000] {animals_api_hook.py:33} INFO - Fetching animals page 489
[2025-05-28T09:34:39.198+0000] {animals_api_hook.py:65} INFO - Fetched page 489: 10 animals
[2025-05-28T09:34:39.198+0000] {animals_api_hook.py:33} INFO - Fetching animals page 490
[2025-05-28T09:34:39.234+0000] {animals_api_hook.py:65} INFO - Fetched page 490: 10 animals
[2025-05-28T09:34:39.235+0000] {animals_api_hook.py:33} INFO - Fetching animals page 491
[2025-05-28T09:34:39.261+0000] {animals_api_hook.py:65} INFO - Fetched page 491: 10 animals
[2025-05-28T09:34:39.262+0000] {animals_api_hook.py:33} INFO - Fetching animals page 492
[2025-05-28T09:34:39.288+0000] {animals_api_hook.py:65} INFO - Fetched page 492: 10 animals
[2025-05-28T09:34:39.288+0000] {animals_api_hook.py:33} INFO - Fetching animals page 493
[2025-05-28T09:34:39.315+0000] {animals_api_hook.py:65} INFO - Fetched page 493: 10 animals
[2025-05-28T09:34:39.316+0000] {animals_api_hook.py:33} INFO - Fetching animals page 494
[2025-05-28T09:34:39.341+0000] {animals_api_hook.py:65} INFO - Fetched page 494: 10 animals
[2025-05-28T09:34:39.342+0000] {animals_api_hook.py:33} INFO - Fetching animals page 495
[2025-05-28T09:34:39.367+0000] {animals_api_hook.py:65} INFO - Fetched page 495: 10 animals
[2025-05-28T09:34:39.367+0000] {animals_api_hook.py:33} INFO - Fetching animals page 496
[2025-05-28T09:34:39.393+0000] {animals_api_hook.py:65} INFO - Fetched page 496: 10 animals
[2025-05-28T09:34:39.393+0000] {animals_api_hook.py:33} INFO - Fetching animals page 497
[2025-05-28T09:34:39.419+0000] {animals_api_hook.py:65} INFO - Fetched page 497: 10 animals
[2025-05-28T09:34:39.420+0000] {animals_api_hook.py:33} INFO - Fetching animals page 498
[2025-05-28T09:34:39.453+0000] {animals_api_hook.py:65} INFO - Fetched page 498: 10 animals
[2025-05-28T09:34:39.454+0000] {animals_api_hook.py:33} INFO - Fetching animals page 499
[2025-05-28T09:34:39.479+0000] {animals_api_hook.py:65} INFO - Fetched page 499: 10 animals
[2025-05-28T09:34:39.480+0000] {animals_api_hook.py:33} INFO - Fetching animals page 500
[2025-05-28T09:34:39.505+0000] {animals_api_hook.py:65} INFO - Fetched page 500: 10 animals
[2025-05-28T09:34:39.506+0000] {animals_api_hook.py:33} INFO - Fetching animals page 501
[2025-05-28T09:34:39.531+0000] {animals_api_hook.py:65} INFO - Fetched page 501: 10 animals
[2025-05-28T09:34:39.532+0000] {animals_api_hook.py:33} INFO - Fetching animals page 502
[2025-05-28T09:34:39.557+0000] {animals_api_hook.py:65} INFO - Fetched page 502: 10 animals
[2025-05-28T09:34:39.558+0000] {animals_api_hook.py:33} INFO - Fetching animals page 503
[2025-05-28T09:34:39.583+0000] {animals_api_hook.py:65} INFO - Fetched page 503: 10 animals
[2025-05-28T09:34:39.584+0000] {animals_api_hook.py:33} INFO - Fetching animals page 504
[2025-05-28T09:34:39.610+0000] {animals_api_hook.py:65} INFO - Fetched page 504: 10 animals
[2025-05-28T09:34:39.610+0000] {animals_api_hook.py:33} INFO - Fetching animals page 505
[2025-05-28T09:34:39.636+0000] {animals_api_hook.py:65} INFO - Fetched page 505: 10 animals
[2025-05-28T09:34:39.636+0000] {animals_api_hook.py:33} INFO - Fetching animals page 506
[2025-05-28T09:34:39.670+0000] {animals_api_hook.py:65} INFO - Fetched page 506: 10 animals
[2025-05-28T09:34:39.670+0000] {animals_api_hook.py:33} INFO - Fetching animals page 507
[2025-05-28T09:34:39.696+0000] {animals_api_hook.py:65} INFO - Fetched page 507: 10 animals
[2025-05-28T09:34:39.696+0000] {animals_api_hook.py:33} INFO - Fetching animals page 508
[2025-05-28T09:34:39.723+0000] {animals_api_hook.py:65} INFO - Fetched page 508: 10 animals
[2025-05-28T09:34:39.723+0000] {animals_api_hook.py:33} INFO - Fetching animals page 509
[2025-05-28T09:34:39.749+0000] {animals_api_hook.py:65} INFO - Fetched page 509: 10 animals
[2025-05-28T09:34:39.749+0000] {animals_api_hook.py:33} INFO - Fetching animals page 510
[2025-05-28T09:34:39.776+0000] {animals_api_hook.py:65} INFO - Fetched page 510: 10 animals
[2025-05-28T09:34:39.776+0000] {animals_api_hook.py:33} INFO - Fetching animals page 511
[2025-05-28T09:34:39.801+0000] {animals_api_hook.py:65} INFO - Fetched page 511: 10 animals
[2025-05-28T09:34:39.802+0000] {animals_api_hook.py:33} INFO - Fetching animals page 512
[2025-05-28T09:34:39.828+0000] {animals_api_hook.py:65} INFO - Fetched page 512: 10 animals
[2025-05-28T09:34:39.828+0000] {animals_api_hook.py:33} INFO - Fetching animals page 513
[2025-05-28T09:34:39.854+0000] {animals_api_hook.py:65} INFO - Fetched page 513: 10 animals
[2025-05-28T09:34:39.854+0000] {animals_api_hook.py:33} INFO - Fetching animals page 514
[2025-05-28T09:34:39.881+0000] {animals_api_hook.py:65} INFO - Fetched page 514: 10 animals
[2025-05-28T09:34:39.882+0000] {animals_api_hook.py:33} INFO - Fetching animals page 515
[2025-05-28T09:34:39.919+0000] {animals_api_hook.py:65} INFO - Fetched page 515: 10 animals
[2025-05-28T09:34:39.920+0000] {animals_api_hook.py:33} INFO - Fetching animals page 516
[2025-05-28T09:34:39.948+0000] {animals_api_hook.py:65} INFO - Fetched page 516: 10 animals
[2025-05-28T09:34:39.949+0000] {animals_api_hook.py:33} INFO - Fetching animals page 517
[2025-05-28T09:34:39.975+0000] {animals_api_hook.py:65} INFO - Fetched page 517: 10 animals
[2025-05-28T09:34:39.976+0000] {animals_api_hook.py:33} INFO - Fetching animals page 518
[2025-05-28T09:34:40.003+0000] {animals_api_hook.py:65} INFO - Fetched page 518: 10 animals
[2025-05-28T09:34:40.003+0000] {animals_api_hook.py:33} INFO - Fetching animals page 519
[2025-05-28T09:34:40.030+0000] {animals_api_hook.py:65} INFO - Fetched page 519: 10 animals
[2025-05-28T09:34:40.031+0000] {animals_api_hook.py:80} INFO - Completed fetching all animals: 5190 total
[2025-05-28T09:34:40.065+0000] {animal_etl_operators.py:40} INFO - Extracted 5190 animals, stored in /tmp/animals_data_scheduled__2025-05-27T02:00:00+00:00.json
[2025-05-28T09:34:40.102+0000] {taskinstance.py:1149} INFO - Marking task as SUCCESS. dag_id=animal_etl_pipeline_v1.0.1, task_id=extract_animals, execution_date=20250527T020000, start_date=20250528T093335, end_date=20250528T093440
[2025-05-28T09:34:40.153+0000] {local_task_job_runner.py:234} INFO - Task exited with return code 0
[2025-05-28T09:34:40.186+0000] {taskinstance.py:3312} INFO - 1 downstream tasks scheduled from follow-on schedule check
